{"C:\\Dev\\ITAM\\itam_api\\src\\app.ts": {"path":"C:\\Dev\\ITAM\\itam_api\\src\\app.ts","statementMap":{"0":{"start":{"line":1,"column":0},"end":{"line":1,"column":30}},"1":{"start":{"line":2,"column":0},"end":{"line":2,"column":24}},"2":{"start":{"line":3,"column":0},"end":{"line":3,"column":28}},"3":{"start":{"line":4,"column":0},"end":{"line":4,"column":28}},"4":{"start":{"line":5,"column":0},"end":{"line":5,"column":46}},"5":{"start":{"line":6,"column":0},"end":{"line":6,"column":48}},"6":{"start":{"line":7,"column":0},"end":{"line":7,"column":50}},"7":{"start":{"line":8,"column":0},"end":{"line":8,"column":46}},"8":{"start":{"line":9,"column":0},"end":{"line":9,"column":54}},"9":{"start":{"line":10,"column":0},"end":{"line":10,"column":54}},"10":{"start":{"line":11,"column":0},"end":{"line":11,"column":57}},"11":{"start":{"line":12,"column":0},"end":{"line":12,"column":48}},"12":{"start":{"line":14,"column":12},"end":{"line":14,"column":21}},"13":{"start":{"line":16,"column":0},"end":{"line":16,"column":18}},"14":{"start":{"line":17,"column":0},"end":{"line":17,"column":16}},"15":{"start":{"line":18,"column":0},"end":{"line":18,"column":23}},"16":{"start":{"line":19,"column":0},"end":{"line":19,"column":24}},"17":{"start":{"line":23,"column":0},"end":{"line":25,"column":3}},"18":{"start":{"line":24,"column":2},"end":{"line":24,"column":29}},"19":{"start":{"line":28,"column":0},"end":{"line":28,"column":33}},"20":{"start":{"line":29,"column":0},"end":{"line":29,"column":36}},"21":{"start":{"line":30,"column":0},"end":{"line":30,"column":38}},"22":{"start":{"line":31,"column":0},"end":{"line":31,"column":34}},"23":{"start":{"line":32,"column":0},"end":{"line":32,"column":42}},"24":{"start":{"line":33,"column":0},"end":{"line":33,"column":42}},"25":{"start":{"line":34,"column":0},"end":{"line":34,"column":45}},"26":{"start":{"line":35,"column":0},"end":{"line":35,"column":35}},"27":{"start":{"line":37,"column":0},"end":{"line":37,"column":19}}},"fnMap":{"0":{"name":"(anonymous_1)","decl":{"start":{"line":23,"column":19},"end":{"line":23,"column":20}},"loc":{"start":{"line":23,"column":32},"end":{"line":25,"column":1}}}},"branchMap":{},"s":{"0":5,"1":5,"2":5,"3":5,"4":5,"5":5,"6":5,"7":5,"8":5,"9":5,"10":5,"11":5,"12":5,"13":5,"14":5,"15":5,"16":5,"17":5,"18":0,"19":5,"20":5,"21":5,"22":5,"23":5,"24":5,"25":5,"26":5,"27":5},"f":{"0":0},"b":{}}
,"C:\\Dev\\ITAM\\itam_api\\src\\config\\prisma.ts": {"path":"C:\\Dev\\ITAM\\itam_api\\src\\config\\prisma.ts","statementMap":{"0":{"start":{"line":1,"column":0},"end":{"line":1,"column":46}},"1":{"start":{"line":2,"column":0},"end":{"line":2,"column":46}},"2":{"start":{"line":4,"column":16},"end":{"line":4,"column":76}},"3":{"start":{"line":5,"column":15},"end":{"line":5,"column":44}},"4":{"start":{"line":7,"column":0},"end":{"line":7,"column":22}}},"fnMap":{},"branchMap":{},"s":{"0":5,"1":5,"2":5,"3":5,"4":5},"f":{},"b":{}}
,"C:\\Dev\\ITAM\\itam_api\\src\\controllers\\asset.controller.ts": {"path":"C:\\Dev\\ITAM\\itam_api\\src\\controllers\\asset.controller.ts","statementMap":{"0":{"start":{"line":3,"column":0},"end":{"line":3,"column":58}},"1":{"start":{"line":6,"column":31},"end":{"line":30,"column":1}},"2":{"start":{"line":7,"column":2},"end":{"line":29,"column":3}},"3":{"start":{"line":8,"column":4},"end":{"line":11,"column":5}},"4":{"start":{"line":9,"column":6},"end":{"line":9,"column":64}},"5":{"start":{"line":10,"column":6},"end":{"line":10,"column":13}},"6":{"start":{"line":13,"column":20},"end":{"line":13,"column":78}},"7":{"start":{"line":14,"column":4},"end":{"line":17,"column":5}},"8":{"start":{"line":15,"column":6},"end":{"line":15,"column":63}},"9":{"start":{"line":16,"column":6},"end":{"line":16,"column":13}},"10":{"start":{"line":19,"column":18},"end":{"line":19,"column":58}},"11":{"start":{"line":20,"column":4},"end":{"line":23,"column":5}},"12":{"start":{"line":21,"column":6},"end":{"line":21,"column":60}},"13":{"start":{"line":22,"column":6},"end":{"line":22,"column":13}},"14":{"start":{"line":25,"column":4},"end":{"line":25,"column":26}},"15":{"start":{"line":27,"column":4},"end":{"line":27,"column":47}},"16":{"start":{"line":28,"column":4},"end":{"line":28,"column":56}},"17":{"start":{"line":6,"column":13},"end":{"line":6,"column":31}},"18":{"start":{"line":32,"column":30},"end":{"line":51,"column":1}},"19":{"start":{"line":33,"column":2},"end":{"line":50,"column":3}},"20":{"start":{"line":34,"column":15},"end":{"line":34,"column":36}},"21":{"start":{"line":35,"column":4},"end":{"line":38,"column":5}},"22":{"start":{"line":36,"column":6},"end":{"line":36,"column":55}},"23":{"start":{"line":37,"column":6},"end":{"line":37,"column":13}},"24":{"start":{"line":40,"column":19},"end":{"line":40,"column":61}},"25":{"start":{"line":41,"column":4},"end":{"line":44,"column":5}},"26":{"start":{"line":42,"column":6},"end":{"line":42,"column":60}},"27":{"start":{"line":43,"column":6},"end":{"line":43,"column":13}},"28":{"start":{"line":46,"column":4},"end":{"line":46,"column":47}},"29":{"start":{"line":47,"column":4},"end":{"line":47,"column":21}},"30":{"start":{"line":49,"column":4},"end":{"line":49,"column":56}},"31":{"start":{"line":32,"column":13},"end":{"line":32,"column":30}},"32":{"start":{"line":53,"column":25},"end":{"line":78,"column":1}},"33":{"start":{"line":54,"column":2},"end":{"line":77,"column":3}},"34":{"start":{"line":55,"column":63},"end":{"line":55,"column":72}},"35":{"start":{"line":56,"column":17},"end":{"line":56,"column":26}},"36":{"start":{"line":60,"column":6},"end":{"line":64,"column":21}},"37":{"start":{"line":66,"column":19},"end":{"line":72,"column":6}},"38":{"start":{"line":74,"column":4},"end":{"line":74,"column":21}},"39":{"start":{"line":76,"column":4},"end":{"line":76,"column":56}},"40":{"start":{"line":53,"column":13},"end":{"line":53,"column":25}},"41":{"start":{"line":80,"column":35},"end":{"line":94,"column":1}},"42":{"start":{"line":81,"column":2},"end":{"line":93,"column":3}},"43":{"start":{"line":82,"column":23},"end":{"line":82,"column":52}},"44":{"start":{"line":83,"column":4},"end":{"line":86,"column":5}},"45":{"start":{"line":84,"column":6},"end":{"line":84,"column":63}},"46":{"start":{"line":85,"column":6},"end":{"line":85,"column":13}},"47":{"start":{"line":88,"column":19},"end":{"line":88,"column":69}},"48":{"start":{"line":89,"column":4},"end":{"line":89,"column":21}},"49":{"start":{"line":91,"column":4},"end":{"line":91,"column":55}},"50":{"start":{"line":92,"column":4},"end":{"line":92,"column":56}},"51":{"start":{"line":80,"column":13},"end":{"line":80,"column":35}},"52":{"start":{"line":96,"column":28},"end":{"line":114,"column":1}},"53":{"start":{"line":97,"column":2},"end":{"line":113,"column":3}},"54":{"start":{"line":98,"column":15},"end":{"line":98,"column":36}},"55":{"start":{"line":99,"column":4},"end":{"line":102,"column":5}},"56":{"start":{"line":100,"column":6},"end":{"line":100,"column":55}},"57":{"start":{"line":101,"column":6},"end":{"line":101,"column":13}},"58":{"start":{"line":104,"column":18},"end":{"line":104,"column":53}},"59":{"start":{"line":105,"column":4},"end":{"line":108,"column":5}},"60":{"start":{"line":106,"column":6},"end":{"line":106,"column":60}},"61":{"start":{"line":107,"column":6},"end":{"line":107,"column":13}},"62":{"start":{"line":110,"column":4},"end":{"line":110,"column":20}},"63":{"start":{"line":112,"column":4},"end":{"line":112,"column":56}},"64":{"start":{"line":96,"column":13},"end":{"line":96,"column":28}},"65":{"start":{"line":116,"column":27},"end":{"line":124,"column":1}},"66":{"start":{"line":117,"column":2},"end":{"line":123,"column":3}},"67":{"start":{"line":118,"column":19},"end":{"line":118,"column":35}},"68":{"start":{"line":119,"column":18},"end":{"line":119,"column":66}},"69":{"start":{"line":120,"column":4},"end":{"line":120,"column":32}},"70":{"start":{"line":122,"column":4},"end":{"line":122,"column":56}},"71":{"start":{"line":116,"column":13},"end":{"line":116,"column":27}},"72":{"start":{"line":126,"column":27},"end":{"line":146,"column":1}},"73":{"start":{"line":127,"column":2},"end":{"line":145,"column":3}},"74":{"start":{"line":128,"column":15},"end":{"line":128,"column":36}},"75":{"start":{"line":129,"column":4},"end":{"line":132,"column":5}},"76":{"start":{"line":130,"column":6},"end":{"line":130,"column":55}},"77":{"start":{"line":131,"column":6},"end":{"line":131,"column":13}},"78":{"start":{"line":134,"column":19},"end":{"line":134,"column":35}},"79":{"start":{"line":135,"column":18},"end":{"line":135,"column":70}},"80":{"start":{"line":136,"column":4},"end":{"line":139,"column":5}},"81":{"start":{"line":137,"column":6},"end":{"line":137,"column":60}},"82":{"start":{"line":138,"column":6},"end":{"line":138,"column":13}},"83":{"start":{"line":141,"column":4},"end":{"line":141,"column":20}},"84":{"start":{"line":143,"column":4},"end":{"line":143,"column":47}},"85":{"start":{"line":144,"column":4},"end":{"line":144,"column":56}},"86":{"start":{"line":126,"column":13},"end":{"line":126,"column":27}},"87":{"start":{"line":148,"column":27},"end":{"line":167,"column":1}},"88":{"start":{"line":149,"column":2},"end":{"line":166,"column":3}},"89":{"start":{"line":150,"column":15},"end":{"line":150,"column":36}},"90":{"start":{"line":151,"column":4},"end":{"line":154,"column":5}},"91":{"start":{"line":152,"column":6},"end":{"line":152,"column":55}},"92":{"start":{"line":153,"column":6},"end":{"line":153,"column":13}},"93":{"start":{"line":156,"column":19},"end":{"line":156,"column":35}},"94":{"start":{"line":157,"column":18},"end":{"line":157,"column":60}},"95":{"start":{"line":158,"column":4},"end":{"line":161,"column":5}},"96":{"start":{"line":159,"column":6},"end":{"line":159,"column":60}},"97":{"start":{"line":160,"column":6},"end":{"line":160,"column":13}},"98":{"start":{"line":163,"column":4},"end":{"line":163,"column":27}},"99":{"start":{"line":165,"column":4},"end":{"line":165,"column":56}},"100":{"start":{"line":148,"column":13},"end":{"line":148,"column":27}},"101":{"start":{"line":169,"column":35},"end":{"line":186,"column":1}},"102":{"start":{"line":170,"column":2},"end":{"line":185,"column":3}},"103":{"start":{"line":171,"column":15},"end":{"line":171,"column":36}},"104":{"start":{"line":172,"column":4},"end":{"line":175,"column":5}},"105":{"start":{"line":173,"column":6},"end":{"line":173,"column":55}},"106":{"start":{"line":174,"column":6},"end":{"line":174,"column":13}},"107":{"start":{"line":176,"column":27},"end":{"line":176,"column":35}},"108":{"start":{"line":177,"column":18},"end":{"line":177,"column":80}},"109":{"start":{"line":178,"column":4},"end":{"line":181,"column":5}},"110":{"start":{"line":179,"column":6},"end":{"line":179,"column":60}},"111":{"start":{"line":180,"column":6},"end":{"line":180,"column":13}},"112":{"start":{"line":182,"column":4},"end":{"line":182,"column":20}},"113":{"start":{"line":184,"column":4},"end":{"line":184,"column":56}},"114":{"start":{"line":169,"column":13},"end":{"line":169,"column":35}}},"fnMap":{"0":{"name":"(anonymous_9)","decl":{"start":{"line":6,"column":31},"end":{"line":6,"column":36}},"loc":{"start":{"line":6,"column":88},"end":{"line":30,"column":1}}},"1":{"name":"(anonymous_10)","decl":{"start":{"line":32,"column":30},"end":{"line":32,"column":35}},"loc":{"start":{"line":32,"column":87},"end":{"line":51,"column":1}}},"2":{"name":"(anonymous_11)","decl":{"start":{"line":53,"column":25},"end":{"line":53,"column":30}},"loc":{"start":{"line":53,"column":82},"end":{"line":78,"column":1}}},"3":{"name":"(anonymous_12)","decl":{"start":{"line":80,"column":35},"end":{"line":80,"column":40}},"loc":{"start":{"line":80,"column":92},"end":{"line":94,"column":1}}},"4":{"name":"(anonymous_13)","decl":{"start":{"line":96,"column":28},"end":{"line":96,"column":33}},"loc":{"start":{"line":96,"column":85},"end":{"line":114,"column":1}}},"5":{"name":"(anonymous_14)","decl":{"start":{"line":116,"column":27},"end":{"line":116,"column":32}},"loc":{"start":{"line":116,"column":84},"end":{"line":124,"column":1}}},"6":{"name":"(anonymous_15)","decl":{"start":{"line":126,"column":27},"end":{"line":126,"column":32}},"loc":{"start":{"line":126,"column":84},"end":{"line":146,"column":1}}},"7":{"name":"(anonymous_16)","decl":{"start":{"line":148,"column":27},"end":{"line":148,"column":32}},"loc":{"start":{"line":148,"column":84},"end":{"line":167,"column":1}}},"8":{"name":"(anonymous_17)","decl":{"start":{"line":169,"column":35},"end":{"line":169,"column":40}},"loc":{"start":{"line":169,"column":92},"end":{"line":186,"column":1}}}},"branchMap":{"0":{"loc":{"start":{"line":8,"column":4},"end":{"line":11,"column":5}},"type":"if","locations":[{"start":{"line":8,"column":4},"end":{"line":11,"column":5}},{"start":{},"end":{}}]},"1":{"loc":{"start":{"line":14,"column":4},"end":{"line":17,"column":5}},"type":"if","locations":[{"start":{"line":14,"column":4},"end":{"line":17,"column":5}},{"start":{},"end":{}}]},"2":{"loc":{"start":{"line":20,"column":4},"end":{"line":23,"column":5}},"type":"if","locations":[{"start":{"line":20,"column":4},"end":{"line":23,"column":5}},{"start":{},"end":{}}]},"3":{"loc":{"start":{"line":35,"column":4},"end":{"line":38,"column":5}},"type":"if","locations":[{"start":{"line":35,"column":4},"end":{"line":38,"column":5}},{"start":{},"end":{}}]},"4":{"loc":{"start":{"line":41,"column":4},"end":{"line":44,"column":5}},"type":"if","locations":[{"start":{"line":41,"column":4},"end":{"line":44,"column":5}},{"start":{},"end":{}}]},"5":{"loc":{"start":{"line":60,"column":6},"end":{"line":64,"column":21}},"type":"cond-expr","locations":[{"start":{"line":61,"column":10},"end":{"line":61,"column":31}},{"start":{"line":62,"column":10},"end":{"line":64,"column":21}}]},"6":{"loc":{"start":{"line":61,"column":10},"end":{"line":61,"column":31}},"type":"binary-expr","locations":[{"start":{"line":61,"column":10},"end":{"line":61,"column":25}},{"start":{"line":61,"column":29},"end":{"line":61,"column":31}}]},"7":{"loc":{"start":{"line":62,"column":10},"end":{"line":64,"column":21}},"type":"cond-expr","locations":[{"start":{"line":63,"column":12},"end":{"line":63,"column":30}},{"start":{"line":64,"column":12},"end":{"line":64,"column":21}}]},"8":{"loc":{"start":{"line":68,"column":14},"end":{"line":68,"column":49}},"type":"cond-expr","locations":[{"start":{"line":68,"column":23},"end":{"line":68,"column":37}},{"start":{"line":68,"column":40},"end":{"line":68,"column":49}}]},"9":{"loc":{"start":{"line":69,"column":18},"end":{"line":69,"column":61}},"type":"cond-expr","locations":[{"start":{"line":69,"column":31},"end":{"line":69,"column":49}},{"start":{"line":69,"column":52},"end":{"line":69,"column":61}}]},"10":{"loc":{"start":{"line":83,"column":4},"end":{"line":86,"column":5}},"type":"if","locations":[{"start":{"line":83,"column":4},"end":{"line":86,"column":5}},{"start":{},"end":{}}]},"11":{"loc":{"start":{"line":99,"column":4},"end":{"line":102,"column":5}},"type":"if","locations":[{"start":{"line":99,"column":4},"end":{"line":102,"column":5}},{"start":{},"end":{}}]},"12":{"loc":{"start":{"line":105,"column":4},"end":{"line":108,"column":5}},"type":"if","locations":[{"start":{"line":105,"column":4},"end":{"line":108,"column":5}},{"start":{},"end":{}}]},"13":{"loc":{"start":{"line":129,"column":4},"end":{"line":132,"column":5}},"type":"if","locations":[{"start":{"line":129,"column":4},"end":{"line":132,"column":5}},{"start":{},"end":{}}]},"14":{"loc":{"start":{"line":136,"column":4},"end":{"line":139,"column":5}},"type":"if","locations":[{"start":{"line":136,"column":4},"end":{"line":139,"column":5}},{"start":{},"end":{}}]},"15":{"loc":{"start":{"line":151,"column":4},"end":{"line":154,"column":5}},"type":"if","locations":[{"start":{"line":151,"column":4},"end":{"line":154,"column":5}},{"start":{},"end":{}}]},"16":{"loc":{"start":{"line":158,"column":4},"end":{"line":161,"column":5}},"type":"if","locations":[{"start":{"line":158,"column":4},"end":{"line":161,"column":5}},{"start":{},"end":{}}]},"17":{"loc":{"start":{"line":172,"column":4},"end":{"line":175,"column":5}},"type":"if","locations":[{"start":{"line":172,"column":4},"end":{"line":175,"column":5}},{"start":{},"end":{}}]},"18":{"loc":{"start":{"line":177,"column":61},"end":{"line":177,"column":79}},"type":"binary-expr","locations":[{"start":{"line":177,"column":61},"end":{"line":177,"column":71}},{"start":{"line":177,"column":75},"end":{"line":177,"column":79}}]},"19":{"loc":{"start":{"line":178,"column":4},"end":{"line":181,"column":5}},"type":"if","locations":[{"start":{"line":178,"column":4},"end":{"line":181,"column":5}},{"start":{},"end":{}}]}},"s":{"0":5,"1":5,"2":0,"3":0,"4":0,"5":0,"6":0,"7":0,"8":0,"9":0,"10":0,"11":0,"12":0,"13":0,"14":0,"15":0,"16":0,"17":5,"18":5,"19":0,"20":0,"21":0,"22":0,"23":0,"24":0,"25":0,"26":0,"27":0,"28":0,"29":0,"30":0,"31":5,"32":5,"33":4,"34":4,"35":4,"36":4,"37":4,"38":4,"39":0,"40":5,"41":5,"42":0,"43":0,"44":0,"45":0,"46":0,"47":0,"48":0,"49":0,"50":0,"51":5,"52":5,"53":0,"54":0,"55":0,"56":0,"57":0,"58":0,"59":0,"60":0,"61":0,"62":0,"63":0,"64":5,"65":5,"66":3,"67":3,"68":3,"69":3,"70":0,"71":5,"72":5,"73":0,"74":0,"75":0,"76":0,"77":0,"78":0,"79":0,"80":0,"81":0,"82":0,"83":0,"84":0,"85":0,"86":5,"87":5,"88":2,"89":2,"90":2,"91":0,"92":0,"93":2,"94":2,"95":2,"96":1,"97":1,"98":1,"99":0,"100":5,"101":5,"102":0,"103":0,"104":0,"105":0,"106":0,"107":0,"108":0,"109":0,"110":0,"111":0,"112":0,"113":0,"114":5},"f":{"0":0,"1":0,"2":4,"3":0,"4":0,"5":3,"6":0,"7":2,"8":0},"b":{"0":[0,0],"1":[0,0],"2":[0,0],"3":[0,0],"4":[0,0],"5":[3,1],"6":[3,1],"7":[0,1],"8":[0,4],"9":[0,4],"10":[0,0],"11":[0,0],"12":[0,0],"13":[0,0],"14":[0,0],"15":[0,2],"16":[1,1],"17":[0,0],"18":[0,0],"19":[0,0]}}
,"C:\\Dev\\ITAM\\itam_api\\src\\controllers\\asset_type.controller.ts": {"path":"C:\\Dev\\ITAM\\itam_api\\src\\controllers\\asset_type.controller.ts","statementMap":{"0":{"start":{"line":3,"column":0},"end":{"line":3,"column":67}},"1":{"start":{"line":5,"column":29},"end":{"line":12,"column":1}},"2":{"start":{"line":6,"column":2},"end":{"line":11,"column":3}},"3":{"start":{"line":7,"column":23},"end":{"line":7,"column":61}},"4":{"start":{"line":8,"column":4},"end":{"line":8,"column":25}},"5":{"start":{"line":10,"column":4},"end":{"line":10,"column":56}},"6":{"start":{"line":5,"column":13},"end":{"line":5,"column":29}},"7":{"start":{"line":14,"column":31},"end":{"line":30,"column":1}},"8":{"start":{"line":15,"column":2},"end":{"line":29,"column":3}},"9":{"start":{"line":16,"column":17},"end":{"line":16,"column":40}},"10":{"start":{"line":17,"column":4},"end":{"line":20,"column":5}},"11":{"start":{"line":18,"column":6},"end":{"line":18,"column":62}},"12":{"start":{"line":19,"column":6},"end":{"line":19,"column":13}},"13":{"start":{"line":21,"column":22},"end":{"line":25,"column":6}},"14":{"start":{"line":26,"column":4},"end":{"line":26,"column":36}},"15":{"start":{"line":28,"column":4},"end":{"line":28,"column":56}},"16":{"start":{"line":14,"column":13},"end":{"line":14,"column":31}},"17":{"start":{"line":32,"column":31},"end":{"line":44,"column":1}},"18":{"start":{"line":33,"column":2},"end":{"line":43,"column":3}},"19":{"start":{"line":34,"column":15},"end":{"line":34,"column":51}},"20":{"start":{"line":35,"column":22},"end":{"line":39,"column":6}},"21":{"start":{"line":40,"column":4},"end":{"line":40,"column":24}},"22":{"start":{"line":42,"column":4},"end":{"line":42,"column":56}},"23":{"start":{"line":32,"column":13},"end":{"line":32,"column":31}},"24":{"start":{"line":46,"column":31},"end":{"line":54,"column":1}},"25":{"start":{"line":47,"column":2},"end":{"line":53,"column":3}},"26":{"start":{"line":48,"column":15},"end":{"line":48,"column":51}},"27":{"start":{"line":49,"column":4},"end":{"line":49,"column":47}},"28":{"start":{"line":50,"column":4},"end":{"line":50,"column":27}},"29":{"start":{"line":52,"column":4},"end":{"line":52,"column":56}},"30":{"start":{"line":46,"column":13},"end":{"line":46,"column":31}}},"fnMap":{"0":{"name":"(anonymous_9)","decl":{"start":{"line":5,"column":29},"end":{"line":5,"column":34}},"loc":{"start":{"line":5,"column":86},"end":{"line":12,"column":1}}},"1":{"name":"(anonymous_10)","decl":{"start":{"line":14,"column":31},"end":{"line":14,"column":36}},"loc":{"start":{"line":14,"column":88},"end":{"line":30,"column":1}}},"2":{"name":"(anonymous_11)","decl":{"start":{"line":32,"column":31},"end":{"line":32,"column":36}},"loc":{"start":{"line":32,"column":88},"end":{"line":44,"column":1}}},"3":{"name":"(anonymous_12)","decl":{"start":{"line":46,"column":31},"end":{"line":46,"column":36}},"loc":{"start":{"line":46,"column":88},"end":{"line":54,"column":1}}}},"branchMap":{"0":{"loc":{"start":{"line":17,"column":4},"end":{"line":20,"column":5}},"type":"if","locations":[{"start":{"line":17,"column":4},"end":{"line":20,"column":5}},{"start":{},"end":{}}]}},"s":{"0":5,"1":5,"2":0,"3":0,"4":0,"5":0,"6":5,"7":5,"8":0,"9":0,"10":0,"11":0,"12":0,"13":0,"14":0,"15":0,"16":5,"17":5,"18":0,"19":0,"20":0,"21":0,"22":0,"23":5,"24":5,"25":0,"26":0,"27":0,"28":0,"29":0,"30":5},"f":{"0":0,"1":0,"2":0,"3":0},"b":{"0":[0,0]}}
,"C:\\Dev\\ITAM\\itam_api\\src\\controllers\\auth.controller.ts": {"path":"C:\\Dev\\ITAM\\itam_api\\src\\controllers\\auth.controller.ts","statementMap":{"0":{"start":{"line":2,"column":0},"end":{"line":2,"column":56}},"1":{"start":{"line":4,"column":24},"end":{"line":12,"column":1}},"2":{"start":{"line":5,"column":2},"end":{"line":11,"column":3}},"3":{"start":{"line":6,"column":17},"end":{"line":6,"column":53}},"4":{"start":{"line":7,"column":4},"end":{"line":7,"column":35}},"5":{"start":{"line":9,"column":20},"end":{"line":9,"column":64}},"6":{"start":{"line":10,"column":4},"end":{"line":10,"column":38}},"7":{"start":{"line":4,"column":13},"end":{"line":4,"column":24}},"8":{"start":{"line":14,"column":21},"end":{"line":22,"column":1}},"9":{"start":{"line":15,"column":2},"end":{"line":21,"column":3}},"10":{"start":{"line":16,"column":19},"end":{"line":16,"column":52}},"11":{"start":{"line":17,"column":4},"end":{"line":17,"column":21}},"12":{"start":{"line":19,"column":20},"end":{"line":19,"column":64}},"13":{"start":{"line":20,"column":4},"end":{"line":20,"column":38}},"14":{"start":{"line":14,"column":13},"end":{"line":14,"column":21}},"15":{"start":{"line":24,"column":23},"end":{"line":33,"column":1}},"16":{"start":{"line":25,"column":2},"end":{"line":32,"column":3}},"17":{"start":{"line":26,"column":29},"end":{"line":26,"column":37}},"18":{"start":{"line":27,"column":19},"end":{"line":27,"column":58}},"19":{"start":{"line":28,"column":4},"end":{"line":28,"column":21}},"20":{"start":{"line":30,"column":20},"end":{"line":30,"column":64}},"21":{"start":{"line":31,"column":4},"end":{"line":31,"column":38}},"22":{"start":{"line":24,"column":13},"end":{"line":24,"column":23}},"23":{"start":{"line":35,"column":22},"end":{"line":44,"column":1}},"24":{"start":{"line":36,"column":2},"end":{"line":43,"column":3}},"25":{"start":{"line":37,"column":29},"end":{"line":37,"column":37}},"26":{"start":{"line":38,"column":4},"end":{"line":38,"column":43}},"27":{"start":{"line":39,"column":4},"end":{"line":39,"column":40}},"28":{"start":{"line":41,"column":20},"end":{"line":41,"column":64}},"29":{"start":{"line":42,"column":4},"end":{"line":42,"column":38}},"30":{"start":{"line":35,"column":13},"end":{"line":35,"column":22}}},"fnMap":{"0":{"name":"(anonymous_9)","decl":{"start":{"line":4,"column":24},"end":{"line":4,"column":29}},"loc":{"start":{"line":4,"column":77},"end":{"line":12,"column":1}}},"1":{"name":"(anonymous_10)","decl":{"start":{"line":14,"column":21},"end":{"line":14,"column":26}},"loc":{"start":{"line":14,"column":74},"end":{"line":22,"column":1}}},"2":{"name":"(anonymous_11)","decl":{"start":{"line":24,"column":23},"end":{"line":24,"column":28}},"loc":{"start":{"line":24,"column":76},"end":{"line":33,"column":1}}},"3":{"name":"(anonymous_12)","decl":{"start":{"line":35,"column":22},"end":{"line":35,"column":27}},"loc":{"start":{"line":35,"column":75},"end":{"line":44,"column":1}}}},"branchMap":{"0":{"loc":{"start":{"line":9,"column":20},"end":{"line":9,"column":64}},"type":"cond-expr","locations":[{"start":{"line":9,"column":43},"end":{"line":9,"column":54}},{"start":{"line":9,"column":57},"end":{"line":9,"column":64}}]},"1":{"loc":{"start":{"line":19,"column":20},"end":{"line":19,"column":64}},"type":"cond-expr","locations":[{"start":{"line":19,"column":43},"end":{"line":19,"column":54}},{"start":{"line":19,"column":57},"end":{"line":19,"column":64}}]},"2":{"loc":{"start":{"line":30,"column":20},"end":{"line":30,"column":64}},"type":"cond-expr","locations":[{"start":{"line":30,"column":43},"end":{"line":30,"column":54}},{"start":{"line":30,"column":57},"end":{"line":30,"column":64}}]},"3":{"loc":{"start":{"line":41,"column":20},"end":{"line":41,"column":64}},"type":"cond-expr","locations":[{"start":{"line":41,"column":43},"end":{"line":41,"column":54}},{"start":{"line":41,"column":57},"end":{"line":41,"column":64}}]}},"s":{"0":5,"1":5,"2":3,"3":3,"4":2,"5":1,"6":1,"7":5,"8":5,"9":80,"10":80,"11":76,"12":4,"13":4,"14":5,"15":5,"16":4,"17":4,"18":4,"19":1,"20":3,"21":3,"22":5,"23":5,"24":2,"25":2,"26":2,"27":2,"28":0,"29":0,"30":5},"f":{"0":3,"1":80,"2":4,"3":2},"b":{"0":[1,0],"1":[4,0],"2":[3,0],"3":[0,0]}}
,"C:\\Dev\\ITAM\\itam_api\\src\\controllers\\location.controller.ts": {"path":"C:\\Dev\\ITAM\\itam_api\\src\\controllers\\location.controller.ts","statementMap":{"0":{"start":{"line":3,"column":0},"end":{"line":3,"column":64}},"1":{"start":{"line":5,"column":28},"end":{"line":12,"column":1}},"2":{"start":{"line":6,"column":2},"end":{"line":11,"column":3}},"3":{"start":{"line":7,"column":22},"end":{"line":7,"column":58}},"4":{"start":{"line":8,"column":4},"end":{"line":8,"column":24}},"5":{"start":{"line":10,"column":4},"end":{"line":10,"column":56}},"6":{"start":{"line":5,"column":13},"end":{"line":5,"column":28}},"7":{"start":{"line":14,"column":30},"end":{"line":30,"column":1}},"8":{"start":{"line":15,"column":2},"end":{"line":29,"column":3}},"9":{"start":{"line":16,"column":38},"end":{"line":16,"column":46}},"10":{"start":{"line":17,"column":4},"end":{"line":20,"column":5}},"11":{"start":{"line":18,"column":6},"end":{"line":18,"column":72}},"12":{"start":{"line":19,"column":6},"end":{"line":19,"column":13}},"13":{"start":{"line":21,"column":21},"end":{"line":25,"column":6}},"14":{"start":{"line":26,"column":4},"end":{"line":26,"column":35}},"15":{"start":{"line":28,"column":4},"end":{"line":28,"column":56}},"16":{"start":{"line":14,"column":13},"end":{"line":14,"column":30}},"17":{"start":{"line":32,"column":30},"end":{"line":45,"column":1}},"18":{"start":{"line":33,"column":2},"end":{"line":44,"column":3}},"19":{"start":{"line":34,"column":15},"end":{"line":34,"column":51}},"20":{"start":{"line":35,"column":38},"end":{"line":35,"column":46}},"21":{"start":{"line":36,"column":21},"end":{"line":40,"column":6}},"22":{"start":{"line":41,"column":4},"end":{"line":41,"column":23}},"23":{"start":{"line":43,"column":4},"end":{"line":43,"column":56}},"24":{"start":{"line":32,"column":13},"end":{"line":32,"column":30}},"25":{"start":{"line":47,"column":30},"end":{"line":55,"column":1}},"26":{"start":{"line":48,"column":2},"end":{"line":54,"column":3}},"27":{"start":{"line":49,"column":15},"end":{"line":49,"column":51}},"28":{"start":{"line":50,"column":4},"end":{"line":50,"column":45}},"29":{"start":{"line":51,"column":4},"end":{"line":51,"column":27}},"30":{"start":{"line":53,"column":4},"end":{"line":53,"column":56}},"31":{"start":{"line":47,"column":13},"end":{"line":47,"column":30}}},"fnMap":{"0":{"name":"(anonymous_9)","decl":{"start":{"line":5,"column":28},"end":{"line":5,"column":33}},"loc":{"start":{"line":5,"column":85},"end":{"line":12,"column":1}}},"1":{"name":"(anonymous_10)","decl":{"start":{"line":14,"column":30},"end":{"line":14,"column":35}},"loc":{"start":{"line":14,"column":87},"end":{"line":30,"column":1}}},"2":{"name":"(anonymous_11)","decl":{"start":{"line":32,"column":30},"end":{"line":32,"column":35}},"loc":{"start":{"line":32,"column":87},"end":{"line":45,"column":1}}},"3":{"name":"(anonymous_12)","decl":{"start":{"line":47,"column":30},"end":{"line":47,"column":35}},"loc":{"start":{"line":47,"column":87},"end":{"line":55,"column":1}}}},"branchMap":{"0":{"loc":{"start":{"line":17,"column":4},"end":{"line":20,"column":5}},"type":"if","locations":[{"start":{"line":17,"column":4},"end":{"line":20,"column":5}},{"start":{},"end":{}}]},"1":{"loc":{"start":{"line":17,"column":8},"end":{"line":17,"column":49}},"type":"binary-expr","locations":[{"start":{"line":17,"column":8},"end":{"line":17,"column":13}},{"start":{"line":17,"column":17},"end":{"line":17,"column":26}},{"start":{"line":17,"column":30},"end":{"line":17,"column":49}}]},"2":{"loc":{"start":{"line":39,"column":13},"end":{"line":39,"column":72}},"type":"cond-expr","locations":[{"start":{"line":39,"column":35},"end":{"line":39,"column":60}},{"start":{"line":39,"column":63},"end":{"line":39,"column":72}}]}},"s":{"0":5,"1":5,"2":0,"3":0,"4":0,"5":0,"6":5,"7":5,"8":0,"9":0,"10":0,"11":0,"12":0,"13":0,"14":0,"15":0,"16":5,"17":5,"18":0,"19":0,"20":0,"21":0,"22":0,"23":0,"24":5,"25":5,"26":0,"27":0,"28":0,"29":0,"30":0,"31":5},"f":{"0":0,"1":0,"2":0,"3":0},"b":{"0":[0,0],"1":[0,0,0],"2":[0,0]}}
,"C:\\Dev\\ITAM\\itam_api\\src\\controllers\\stats.controller.ts": {"path":"C:\\Dev\\ITAM\\itam_api\\src\\controllers\\stats.controller.ts","statementMap":{"0":{"start":{"line":2,"column":0},"end":{"line":2,"column":38}},"1":{"start":{"line":3,"column":0},"end":{"line":3,"column":40}},"2":{"start":{"line":5,"column":33},"end":{"line":38,"column":1}},"3":{"start":{"line":6,"column":2},"end":{"line":37,"column":3}},"4":{"start":{"line":7,"column":70},"end":{"line":26,"column":6}},"5":{"start":{"line":28,"column":4},"end":{"line":33,"column":7}},"6":{"start":{"line":35,"column":4},"end":{"line":35,"column":53}},"7":{"start":{"line":36,"column":4},"end":{"line":36,"column":54}},"8":{"start":{"line":5,"column":13},"end":{"line":5,"column":33}},"9":{"start":{"line":40,"column":29},"end":{"line":73,"column":1}},"10":{"start":{"line":41,"column":2},"end":{"line":72,"column":3}},"11":{"start":{"line":42,"column":31},"end":{"line":51,"column":6}},"12":{"start":{"line":53,"column":20},"end":{"line":53,"column":47}},"13":{"start":{"line":53,"column":38},"end":{"line":53,"column":46}},"14":{"start":{"line":54,"column":18},"end":{"line":56,"column":6}},"15":{"start":{"line":58,"column":4},"end":{"line":68,"column":7}},"16":{"start":{"line":59,"column":37},"end":{"line":62,"column":8}},"17":{"start":{"line":63,"column":33},"end":{"line":67,"column":8}},"18":{"start":{"line":65,"column":39},"end":{"line":65,"column":59}},"19":{"start":{"line":70,"column":4},"end":{"line":70,"column":49}},"20":{"start":{"line":71,"column":4},"end":{"line":71,"column":54}},"21":{"start":{"line":40,"column":13},"end":{"line":40,"column":29}},"22":{"start":{"line":75,"column":30},"end":{"line":154,"column":1}},"23":{"start":{"line":76,"column":2},"end":{"line":153,"column":3}},"24":{"start":{"line":77,"column":16},"end":{"line":77,"column":26}},"25":{"start":{"line":78,"column":25},"end":{"line":78,"column":71}},"26":{"start":{"line":79,"column":23},"end":{"line":79,"column":85}},"27":{"start":{"line":87,"column":8},"end":{"line":138,"column":6}},"28":{"start":{"line":140,"column":4},"end":{"line":149,"column":7}},"29":{"start":{"line":144,"column":41},"end":{"line":147,"column":8}},"30":{"start":{"line":151,"column":4},"end":{"line":151,"column":50}},"31":{"start":{"line":152,"column":4},"end":{"line":152,"column":54}},"32":{"start":{"line":75,"column":13},"end":{"line":75,"column":30}},"33":{"start":{"line":156,"column":34},"end":{"line":200,"column":1}},"34":{"start":{"line":157,"column":2},"end":{"line":199,"column":3}},"35":{"start":{"line":158,"column":16},"end":{"line":158,"column":26}},"36":{"start":{"line":159,"column":25},"end":{"line":159,"column":71}},"37":{"start":{"line":160,"column":23},"end":{"line":160,"column":85}},"38":{"start":{"line":162,"column":24},"end":{"line":165,"column":6}},"39":{"start":{"line":167,"column":18},"end":{"line":192,"column":null}},"40":{"start":{"line":169,"column":37},"end":{"line":183,"column":10}},"41":{"start":{"line":185,"column":8},"end":{"line":191,"column":10}},"42":{"start":{"line":195,"column":4},"end":{"line":195,"column":20}},"43":{"start":{"line":197,"column":4},"end":{"line":197,"column":54}},"44":{"start":{"line":198,"column":4},"end":{"line":198,"column":54}},"45":{"start":{"line":156,"column":13},"end":{"line":156,"column":34}}},"fnMap":{"0":{"name":"(anonymous_1)","decl":{"start":{"line":5,"column":33},"end":{"line":5,"column":38}},"loc":{"start":{"line":5,"column":71},"end":{"line":38,"column":1}}},"1":{"name":"(anonymous_2)","decl":{"start":{"line":40,"column":29},"end":{"line":40,"column":34}},"loc":{"start":{"line":40,"column":67},"end":{"line":73,"column":1}}},"2":{"name":"(anonymous_3)","decl":{"start":{"line":53,"column":31},"end":{"line":53,"column":32}},"loc":{"start":{"line":53,"column":38},"end":{"line":53,"column":46}}},"3":{"name":"(anonymous_4)","decl":{"start":{"line":59,"column":29},"end":{"line":59,"column":30}},"loc":{"start":{"line":59,"column":37},"end":{"line":62,"column":8}}},"4":{"name":"(anonymous_5)","decl":{"start":{"line":63,"column":25},"end":{"line":63,"column":26}},"loc":{"start":{"line":63,"column":33},"end":{"line":67,"column":8}}},"5":{"name":"(anonymous_6)","decl":{"start":{"line":65,"column":29},"end":{"line":65,"column":30}},"loc":{"start":{"line":65,"column":39},"end":{"line":65,"column":59}}},"6":{"name":"(anonymous_7)","decl":{"start":{"line":75,"column":30},"end":{"line":75,"column":35}},"loc":{"start":{"line":75,"column":68},"end":{"line":154,"column":1}}},"7":{"name":"(anonymous_8)","decl":{"start":{"line":144,"column":33},"end":{"line":144,"column":34}},"loc":{"start":{"line":144,"column":41},"end":{"line":147,"column":8}}},"8":{"name":"(anonymous_9)","decl":{"start":{"line":156,"column":34},"end":{"line":156,"column":39}},"loc":{"start":{"line":156,"column":72},"end":{"line":200,"column":1}}},"9":{"name":"(anonymous_10)","decl":{"start":{"line":168,"column":22},"end":{"line":168,"column":27}},"loc":{"start":{"line":168,"column":37},"end":{"line":192,"column":7}}}},"branchMap":{"0":{"loc":{"start":{"line":65,"column":18},"end":{"line":65,"column":79}},"type":"binary-expr","locations":[{"start":{"line":65,"column":18},"end":{"line":65,"column":66}},{"start":{"line":65,"column":70},"end":{"line":65,"column":79}}]}},"s":{"0":5,"1":5,"2":5,"3":5,"4":5,"5":5,"6":0,"7":0,"8":5,"9":5,"10":3,"11":3,"12":3,"13":3,"14":3,"15":3,"16":3,"17":3,"18":4,"19":0,"20":0,"21":5,"22":5,"23":7,"24":7,"25":7,"26":7,"27":7,"28":7,"29":7,"30":0,"31":0,"32":5,"33":5,"34":5,"35":5,"36":5,"37":5,"38":5,"39":5,"40":4,"41":4,"42":5,"43":0,"44":0,"45":5},"f":{"0":5,"1":3,"2":3,"3":3,"4":3,"5":4,"6":7,"7":7,"8":5,"9":4},"b":{"0":[3,0]}}
,"C:\\Dev\\ITAM\\itam_api\\src\\controllers\\supplier.controller.ts": {"path":"C:\\Dev\\ITAM\\itam_api\\src\\controllers\\supplier.controller.ts","statementMap":{"0":{"start":{"line":3,"column":0},"end":{"line":3,"column":64}},"1":{"start":{"line":5,"column":28},"end":{"line":12,"column":1}},"2":{"start":{"line":6,"column":2},"end":{"line":11,"column":3}},"3":{"start":{"line":7,"column":22},"end":{"line":7,"column":58}},"4":{"start":{"line":8,"column":4},"end":{"line":8,"column":24}},"5":{"start":{"line":10,"column":4},"end":{"line":10,"column":56}},"6":{"start":{"line":5,"column":13},"end":{"line":5,"column":28}},"7":{"start":{"line":14,"column":30},"end":{"line":31,"column":1}},"8":{"start":{"line":15,"column":2},"end":{"line":30,"column":3}},"9":{"start":{"line":16,"column":17},"end":{"line":16,"column":40}},"10":{"start":{"line":17,"column":4},"end":{"line":20,"column":5}},"11":{"start":{"line":18,"column":6},"end":{"line":18,"column":62}},"12":{"start":{"line":19,"column":6},"end":{"line":19,"column":13}},"13":{"start":{"line":21,"column":21},"end":{"line":26,"column":6}},"14":{"start":{"line":27,"column":4},"end":{"line":27,"column":35}},"15":{"start":{"line":29,"column":4},"end":{"line":29,"column":56}},"16":{"start":{"line":14,"column":13},"end":{"line":14,"column":30}},"17":{"start":{"line":33,"column":30},"end":{"line":46,"column":1}},"18":{"start":{"line":34,"column":2},"end":{"line":45,"column":3}},"19":{"start":{"line":35,"column":15},"end":{"line":35,"column":51}},"20":{"start":{"line":36,"column":21},"end":{"line":41,"column":6}},"21":{"start":{"line":42,"column":4},"end":{"line":42,"column":23}},"22":{"start":{"line":44,"column":4},"end":{"line":44,"column":56}},"23":{"start":{"line":33,"column":13},"end":{"line":33,"column":30}},"24":{"start":{"line":48,"column":30},"end":{"line":56,"column":1}},"25":{"start":{"line":49,"column":2},"end":{"line":55,"column":3}},"26":{"start":{"line":50,"column":15},"end":{"line":50,"column":51}},"27":{"start":{"line":51,"column":4},"end":{"line":51,"column":45}},"28":{"start":{"line":52,"column":4},"end":{"line":52,"column":27}},"29":{"start":{"line":54,"column":4},"end":{"line":54,"column":56}},"30":{"start":{"line":48,"column":13},"end":{"line":48,"column":30}}},"fnMap":{"0":{"name":"(anonymous_9)","decl":{"start":{"line":5,"column":28},"end":{"line":5,"column":33}},"loc":{"start":{"line":5,"column":85},"end":{"line":12,"column":1}}},"1":{"name":"(anonymous_10)","decl":{"start":{"line":14,"column":30},"end":{"line":14,"column":35}},"loc":{"start":{"line":14,"column":87},"end":{"line":31,"column":1}}},"2":{"name":"(anonymous_11)","decl":{"start":{"line":33,"column":30},"end":{"line":33,"column":35}},"loc":{"start":{"line":33,"column":87},"end":{"line":46,"column":1}}},"3":{"name":"(anonymous_12)","decl":{"start":{"line":48,"column":30},"end":{"line":48,"column":35}},"loc":{"start":{"line":48,"column":87},"end":{"line":56,"column":1}}}},"branchMap":{"0":{"loc":{"start":{"line":17,"column":4},"end":{"line":20,"column":5}},"type":"if","locations":[{"start":{"line":17,"column":4},"end":{"line":20,"column":5}},{"start":{},"end":{}}]}},"s":{"0":5,"1":5,"2":0,"3":0,"4":0,"5":0,"6":5,"7":5,"8":0,"9":0,"10":0,"11":0,"12":0,"13":0,"14":0,"15":0,"16":5,"17":5,"18":0,"19":0,"20":0,"21":0,"22":0,"23":5,"24":5,"25":0,"26":0,"27":0,"28":0,"29":0,"30":5},"f":{"0":0,"1":0,"2":0,"3":0},"b":{"0":[0,0]}}
,"C:\\Dev\\ITAM\\itam_api\\src\\controllers\\ticket.controller.ts": {"path":"C:\\Dev\\ITAM\\itam_api\\src\\controllers\\ticket.controller.ts","statementMap":{"0":{"start":{"line":3,"column":0},"end":{"line":3,"column":60}},"1":{"start":{"line":6,"column":26},"end":{"line":31,"column":1}},"2":{"start":{"line":7,"column":2},"end":{"line":30,"column":3}},"3":{"start":{"line":8,"column":73},"end":{"line":8,"column":82}},"4":{"start":{"line":10,"column":20},"end":{"line":23,"column":null}},"5":{"start":{"line":26,"column":4},"end":{"line":26,"column":22}},"6":{"start":{"line":28,"column":4},"end":{"line":28,"column":46}},"7":{"start":{"line":29,"column":4},"end":{"line":29,"column":56}},"8":{"start":{"line":6,"column":13},"end":{"line":6,"column":26}},"9":{"start":{"line":33,"column":29},"end":{"line":51,"column":1}},"10":{"start":{"line":34,"column":2},"end":{"line":50,"column":3}},"11":{"start":{"line":35,"column":15},"end":{"line":35,"column":36}},"12":{"start":{"line":36,"column":4},"end":{"line":39,"column":5}},"13":{"start":{"line":37,"column":6},"end":{"line":37,"column":55}},"14":{"start":{"line":38,"column":6},"end":{"line":38,"column":13}},"15":{"start":{"line":41,"column":19},"end":{"line":41,"column":56}},"16":{"start":{"line":42,"column":4},"end":{"line":45,"column":5}},"17":{"start":{"line":43,"column":6},"end":{"line":43,"column":61}},"18":{"start":{"line":44,"column":6},"end":{"line":44,"column":13}},"19":{"start":{"line":47,"column":4},"end":{"line":47,"column":21}},"20":{"start":{"line":49,"column":4},"end":{"line":49,"column":56}},"21":{"start":{"line":33,"column":13},"end":{"line":33,"column":29}},"22":{"start":{"line":53,"column":28},"end":{"line":61,"column":1}},"23":{"start":{"line":54,"column":2},"end":{"line":60,"column":3}},"24":{"start":{"line":55,"column":24},"end":{"line":55,"column":40}},"25":{"start":{"line":56,"column":19},"end":{"line":56,"column":74}},"26":{"start":{"line":57,"column":4},"end":{"line":57,"column":33}},"27":{"start":{"line":59,"column":4},"end":{"line":59,"column":56}},"28":{"start":{"line":53,"column":13},"end":{"line":53,"column":28}},"29":{"start":{"line":63,"column":28},"end":{"line":82,"column":1}},"30":{"start":{"line":64,"column":2},"end":{"line":81,"column":3}},"31":{"start":{"line":65,"column":15},"end":{"line":65,"column":36}},"32":{"start":{"line":66,"column":4},"end":{"line":69,"column":5}},"33":{"start":{"line":67,"column":6},"end":{"line":67,"column":55}},"34":{"start":{"line":68,"column":6},"end":{"line":68,"column":13}},"35":{"start":{"line":71,"column":19},"end":{"line":71,"column":65}},"36":{"start":{"line":72,"column":4},"end":{"line":75,"column":5}},"37":{"start":{"line":73,"column":6},"end":{"line":73,"column":61}},"38":{"start":{"line":74,"column":6},"end":{"line":74,"column":13}},"39":{"start":{"line":77,"column":4},"end":{"line":77,"column":21}},"40":{"start":{"line":79,"column":4},"end":{"line":79,"column":48}},"41":{"start":{"line":80,"column":4},"end":{"line":80,"column":56}},"42":{"start":{"line":63,"column":13},"end":{"line":63,"column":28}},"43":{"start":{"line":84,"column":28},"end":{"line":102,"column":1}},"44":{"start":{"line":85,"column":2},"end":{"line":101,"column":3}},"45":{"start":{"line":86,"column":15},"end":{"line":86,"column":36}},"46":{"start":{"line":87,"column":4},"end":{"line":90,"column":5}},"47":{"start":{"line":88,"column":6},"end":{"line":88,"column":55}},"48":{"start":{"line":89,"column":6},"end":{"line":89,"column":13}},"49":{"start":{"line":92,"column":19},"end":{"line":92,"column":55}},"50":{"start":{"line":93,"column":4},"end":{"line":96,"column":5}},"51":{"start":{"line":94,"column":6},"end":{"line":94,"column":61}},"52":{"start":{"line":95,"column":6},"end":{"line":95,"column":13}},"53":{"start":{"line":98,"column":4},"end":{"line":98,"column":27}},"54":{"start":{"line":100,"column":4},"end":{"line":100,"column":56}},"55":{"start":{"line":84,"column":13},"end":{"line":84,"column":28}},"56":{"start":{"line":104,"column":32},"end":{"line":117,"column":1}},"57":{"start":{"line":105,"column":2},"end":{"line":116,"column":3}},"58":{"start":{"line":106,"column":15},"end":{"line":106,"column":36}},"59":{"start":{"line":107,"column":4},"end":{"line":110,"column":5}},"60":{"start":{"line":108,"column":6},"end":{"line":108,"column":55}},"61":{"start":{"line":109,"column":6},"end":{"line":109,"column":13}},"62":{"start":{"line":112,"column":20},"end":{"line":112,"column":60}},"63":{"start":{"line":113,"column":4},"end":{"line":113,"column":22}},"64":{"start":{"line":115,"column":4},"end":{"line":115,"column":56}},"65":{"start":{"line":104,"column":13},"end":{"line":104,"column":32}},"66":{"start":{"line":119,"column":31},"end":{"line":138,"column":1}},"67":{"start":{"line":120,"column":2},"end":{"line":137,"column":3}},"68":{"start":{"line":121,"column":15},"end":{"line":121,"column":36}},"69":{"start":{"line":122,"column":4},"end":{"line":125,"column":5}},"70":{"start":{"line":123,"column":6},"end":{"line":123,"column":55}},"71":{"start":{"line":124,"column":6},"end":{"line":124,"column":13}},"72":{"start":{"line":127,"column":21},"end":{"line":127,"column":37}},"73":{"start":{"line":128,"column":19},"end":{"line":128,"column":78}},"74":{"start":{"line":129,"column":4},"end":{"line":132,"column":5}},"75":{"start":{"line":130,"column":6},"end":{"line":130,"column":61}},"76":{"start":{"line":131,"column":6},"end":{"line":131,"column":13}},"77":{"start":{"line":134,"column":4},"end":{"line":134,"column":33}},"78":{"start":{"line":136,"column":4},"end":{"line":136,"column":56}},"79":{"start":{"line":119,"column":13},"end":{"line":119,"column":31}}},"fnMap":{"0":{"name":"(anonymous_9)","decl":{"start":{"line":6,"column":26},"end":{"line":6,"column":31}},"loc":{"start":{"line":6,"column":83},"end":{"line":31,"column":1}}},"1":{"name":"(anonymous_10)","decl":{"start":{"line":33,"column":29},"end":{"line":33,"column":34}},"loc":{"start":{"line":33,"column":86},"end":{"line":51,"column":1}}},"2":{"name":"(anonymous_11)","decl":{"start":{"line":53,"column":28},"end":{"line":53,"column":33}},"loc":{"start":{"line":53,"column":85},"end":{"line":61,"column":1}}},"3":{"name":"(anonymous_12)","decl":{"start":{"line":63,"column":28},"end":{"line":63,"column":33}},"loc":{"start":{"line":63,"column":85},"end":{"line":82,"column":1}}},"4":{"name":"(anonymous_13)","decl":{"start":{"line":84,"column":28},"end":{"line":84,"column":33}},"loc":{"start":{"line":84,"column":85},"end":{"line":102,"column":1}}},"5":{"name":"(anonymous_14)","decl":{"start":{"line":104,"column":32},"end":{"line":104,"column":37}},"loc":{"start":{"line":104,"column":89},"end":{"line":117,"column":1}}},"6":{"name":"(anonymous_15)","decl":{"start":{"line":119,"column":31},"end":{"line":119,"column":36}},"loc":{"start":{"line":119,"column":88},"end":{"line":138,"column":1}}}},"branchMap":{"0":{"loc":{"start":{"line":15,"column":18},"end":{"line":15,"column":61}},"type":"cond-expr","locations":[{"start":{"line":15,"column":31},"end":{"line":15,"column":49}},{"start":{"line":15,"column":52},"end":{"line":15,"column":61}}]},"1":{"loc":{"start":{"line":16,"column":19},"end":{"line":16,"column":64}},"type":"cond-expr","locations":[{"start":{"line":16,"column":33},"end":{"line":16,"column":52}},{"start":{"line":16,"column":55},"end":{"line":16,"column":64}}]},"2":{"loc":{"start":{"line":17,"column":15},"end":{"line":17,"column":52}},"type":"cond-expr","locations":[{"start":{"line":17,"column":25},"end":{"line":17,"column":40}},{"start":{"line":17,"column":43},"end":{"line":17,"column":52}}]},"3":{"loc":{"start":{"line":22,"column":18},"end":{"line":22,"column":51}},"type":"binary-expr","locations":[{"start":{"line":22,"column":18},"end":{"line":22,"column":38}},{"start":{"line":22,"column":42},"end":{"line":22,"column":51}}]},"4":{"loc":{"start":{"line":36,"column":4},"end":{"line":39,"column":5}},"type":"if","locations":[{"start":{"line":36,"column":4},"end":{"line":39,"column":5}},{"start":{},"end":{}}]},"5":{"loc":{"start":{"line":42,"column":4},"end":{"line":45,"column":5}},"type":"if","locations":[{"start":{"line":42,"column":4},"end":{"line":45,"column":5}},{"start":{},"end":{}}]},"6":{"loc":{"start":{"line":66,"column":4},"end":{"line":69,"column":5}},"type":"if","locations":[{"start":{"line":66,"column":4},"end":{"line":69,"column":5}},{"start":{},"end":{}}]},"7":{"loc":{"start":{"line":72,"column":4},"end":{"line":75,"column":5}},"type":"if","locations":[{"start":{"line":72,"column":4},"end":{"line":75,"column":5}},{"start":{},"end":{}}]},"8":{"loc":{"start":{"line":87,"column":4},"end":{"line":90,"column":5}},"type":"if","locations":[{"start":{"line":87,"column":4},"end":{"line":90,"column":5}},{"start":{},"end":{}}]},"9":{"loc":{"start":{"line":93,"column":4},"end":{"line":96,"column":5}},"type":"if","locations":[{"start":{"line":93,"column":4},"end":{"line":96,"column":5}},{"start":{},"end":{}}]},"10":{"loc":{"start":{"line":107,"column":4},"end":{"line":110,"column":5}},"type":"if","locations":[{"start":{"line":107,"column":4},"end":{"line":110,"column":5}},{"start":{},"end":{}}]},"11":{"loc":{"start":{"line":122,"column":4},"end":{"line":125,"column":5}},"type":"if","locations":[{"start":{"line":122,"column":4},"end":{"line":125,"column":5}},{"start":{},"end":{}}]},"12":{"loc":{"start":{"line":129,"column":4},"end":{"line":132,"column":5}},"type":"if","locations":[{"start":{"line":129,"column":4},"end":{"line":132,"column":5}},{"start":{},"end":{}}]}},"s":{"0":5,"1":5,"2":3,"3":3,"4":3,"5":3,"6":0,"7":0,"8":5,"9":5,"10":0,"11":0,"12":0,"13":0,"14":0,"15":0,"16":0,"17":0,"18":0,"19":0,"20":0,"21":5,"22":5,"23":2,"24":2,"25":2,"26":2,"27":0,"28":5,"29":5,"30":3,"31":3,"32":3,"33":0,"34":0,"35":3,"36":3,"37":0,"38":0,"39":3,"40":0,"41":0,"42":5,"43":5,"44":1,"45":1,"46":1,"47":0,"48":0,"49":1,"50":1,"51":0,"52":0,"53":1,"54":0,"55":5,"56":5,"57":0,"58":0,"59":0,"60":0,"61":0,"62":0,"63":0,"64":0,"65":5,"66":5,"67":2,"68":2,"69":2,"70":0,"71":0,"72":2,"73":2,"74":2,"75":0,"76":0,"77":2,"78":0,"79":5},"f":{"0":3,"1":0,"2":2,"3":3,"4":1,"5":0,"6":2},"b":{"0":[0,3],"1":[0,3],"2":[0,3],"3":[3,1],"4":[0,0],"5":[0,0],"6":[0,3],"7":[0,3],"8":[0,1],"9":[0,1],"10":[0,0],"11":[0,2],"12":[0,2]}}
,"C:\\Dev\\ITAM\\itam_api\\src\\controllers\\user.controller.ts": {"path":"C:\\Dev\\ITAM\\itam_api\\src\\controllers\\user.controller.ts","statementMap":{"0":{"start":{"line":3,"column":0},"end":{"line":3,"column":56}},"1":{"start":{"line":4,"column":0},"end":{"line":4,"column":38}},"2":{"start":{"line":6,"column":30},"end":{"line":19,"column":1}},"3":{"start":{"line":7,"column":2},"end":{"line":18,"column":3}},"4":{"start":{"line":8,"column":21},"end":{"line":8,"column":31}},"5":{"start":{"line":9,"column":4},"end":{"line":12,"column":5}},"6":{"start":{"line":10,"column":6},"end":{"line":10,"column":107}},"7":{"start":{"line":11,"column":6},"end":{"line":11,"column":13}},"8":{"start":{"line":13,"column":18},"end":{"line":13,"column":64}},"9":{"start":{"line":14,"column":4},"end":{"line":14,"column":20}},"10":{"start":{"line":16,"column":20},"end":{"line":16,"column":64}},"11":{"start":{"line":17,"column":4},"end":{"line":17,"column":38}},"12":{"start":{"line":6,"column":13},"end":{"line":6,"column":30}},"13":{"start":{"line":21,"column":27},"end":{"line":29,"column":1}},"14":{"start":{"line":22,"column":2},"end":{"line":28,"column":3}},"15":{"start":{"line":23,"column":18},"end":{"line":23,"column":49}},"16":{"start":{"line":24,"column":4},"end":{"line":24,"column":20}},"17":{"start":{"line":26,"column":20},"end":{"line":26,"column":64}},"18":{"start":{"line":27,"column":4},"end":{"line":27,"column":38}},"19":{"start":{"line":21,"column":13},"end":{"line":21,"column":27}},"20":{"start":{"line":31,"column":26},"end":{"line":55,"column":1}},"21":{"start":{"line":32,"column":2},"end":{"line":54,"column":3}},"22":{"start":{"line":33,"column":18},"end":{"line":33,"column":42}},"23":{"start":{"line":34,"column":21},"end":{"line":34,"column":48}},"24":{"start":{"line":35,"column":22},"end":{"line":35,"column":50}},"25":{"start":{"line":36,"column":21},"end":{"line":36,"column":48}},"26":{"start":{"line":37,"column":17},"end":{"line":37,"column":40}},"27":{"start":{"line":39,"column":4},"end":{"line":42,"column":5}},"28":{"start":{"line":40,"column":6},"end":{"line":40,"column":72}},"29":{"start":{"line":41,"column":6},"end":{"line":41,"column":13}},"30":{"start":{"line":44,"column":4},"end":{"line":47,"column":5}},"31":{"start":{"line":45,"column":6},"end":{"line":45,"column":112}},"32":{"start":{"line":46,"column":6},"end":{"line":46,"column":13}},"33":{"start":{"line":49,"column":17},"end":{"line":49,"column":107}},"34":{"start":{"line":50,"column":4},"end":{"line":50,"column":31}},"35":{"start":{"line":52,"column":20},"end":{"line":52,"column":64}},"36":{"start":{"line":53,"column":4},"end":{"line":53,"column":38}},"37":{"start":{"line":31,"column":13},"end":{"line":31,"column":26}},"38":{"start":{"line":57,"column":26},"end":{"line":83,"column":1}},"39":{"start":{"line":58,"column":2},"end":{"line":82,"column":3}},"40":{"start":{"line":59,"column":15},"end":{"line":59,"column":51}},"41":{"start":{"line":60,"column":18},"end":{"line":60,"column":54}},"42":{"start":{"line":61,"column":22},"end":{"line":61,"column":62}},"43":{"start":{"line":62,"column":21},"end":{"line":62,"column":60}},"44":{"start":{"line":63,"column":17},"end":{"line":63,"column":52}},"45":{"start":{"line":64,"column":21},"end":{"line":64,"column":61}},"46":{"start":{"line":66,"column":4},"end":{"line":69,"column":5}},"47":{"start":{"line":67,"column":6},"end":{"line":67,"column":58}},"48":{"start":{"line":68,"column":6},"end":{"line":68,"column":13}},"49":{"start":{"line":71,"column":17},"end":{"line":77,"column":6}},"50":{"start":{"line":78,"column":4},"end":{"line":78,"column":19}},"51":{"start":{"line":80,"column":20},"end":{"line":80,"column":64}},"52":{"start":{"line":81,"column":4},"end":{"line":81,"column":38}},"53":{"start":{"line":57,"column":13},"end":{"line":57,"column":26}},"54":{"start":{"line":85,"column":26},"end":{"line":94,"column":1}},"55":{"start":{"line":86,"column":2},"end":{"line":93,"column":3}},"56":{"start":{"line":87,"column":15},"end":{"line":87,"column":51}},"57":{"start":{"line":88,"column":4},"end":{"line":88,"column":37}},"58":{"start":{"line":89,"column":4},"end":{"line":89,"column":27}},"59":{"start":{"line":91,"column":20},"end":{"line":91,"column":64}},"60":{"start":{"line":92,"column":4},"end":{"line":92,"column":38}},"61":{"start":{"line":85,"column":13},"end":{"line":85,"column":26}}},"fnMap":{"0":{"name":"(anonymous_9)","decl":{"start":{"line":6,"column":30},"end":{"line":6,"column":35}},"loc":{"start":{"line":6,"column":87},"end":{"line":19,"column":1}}},"1":{"name":"(anonymous_10)","decl":{"start":{"line":21,"column":27},"end":{"line":21,"column":32}},"loc":{"start":{"line":21,"column":84},"end":{"line":29,"column":1}}},"2":{"name":"(anonymous_11)","decl":{"start":{"line":31,"column":26},"end":{"line":31,"column":31}},"loc":{"start":{"line":31,"column":83},"end":{"line":55,"column":1}}},"3":{"name":"(anonymous_12)","decl":{"start":{"line":57,"column":26},"end":{"line":57,"column":31}},"loc":{"start":{"line":57,"column":83},"end":{"line":83,"column":1}}},"4":{"name":"(anonymous_13)","decl":{"start":{"line":85,"column":26},"end":{"line":85,"column":31}},"loc":{"start":{"line":85,"column":83},"end":{"line":94,"column":1}}}},"branchMap":{"0":{"loc":{"start":{"line":9,"column":4},"end":{"line":12,"column":5}},"type":"if","locations":[{"start":{"line":9,"column":4},"end":{"line":12,"column":5}},{"start":{},"end":{}}]},"1":{"loc":{"start":{"line":16,"column":20},"end":{"line":16,"column":64}},"type":"cond-expr","locations":[{"start":{"line":16,"column":43},"end":{"line":16,"column":54}},{"start":{"line":16,"column":57},"end":{"line":16,"column":64}}]},"2":{"loc":{"start":{"line":26,"column":20},"end":{"line":26,"column":64}},"type":"cond-expr","locations":[{"start":{"line":26,"column":43},"end":{"line":26,"column":54}},{"start":{"line":26,"column":57},"end":{"line":26,"column":64}}]},"3":{"loc":{"start":{"line":39,"column":4},"end":{"line":42,"column":5}},"type":"if","locations":[{"start":{"line":39,"column":4},"end":{"line":42,"column":5}},{"start":{},"end":{}}]},"4":{"loc":{"start":{"line":39,"column":8},"end":{"line":39,"column":63}},"type":"binary-expr","locations":[{"start":{"line":39,"column":8},"end":{"line":39,"column":14}},{"start":{"line":39,"column":18},"end":{"line":39,"column":27}},{"start":{"line":39,"column":31},"end":{"line":39,"column":41}},{"start":{"line":39,"column":45},"end":{"line":39,"column":54}},{"start":{"line":39,"column":58},"end":{"line":39,"column":63}}]},"5":{"loc":{"start":{"line":44,"column":4},"end":{"line":47,"column":5}},"type":"if","locations":[{"start":{"line":44,"column":4},"end":{"line":47,"column":5}},{"start":{},"end":{}}]},"6":{"loc":{"start":{"line":52,"column":20},"end":{"line":52,"column":64}},"type":"cond-expr","locations":[{"start":{"line":52,"column":43},"end":{"line":52,"column":54}},{"start":{"line":52,"column":57},"end":{"line":52,"column":64}}]},"7":{"loc":{"start":{"line":66,"column":4},"end":{"line":69,"column":5}},"type":"if","locations":[{"start":{"line":66,"column":4},"end":{"line":69,"column":5}},{"start":{},"end":{}}]},"8":{"loc":{"start":{"line":66,"column":8},"end":{"line":66,"column":59}},"type":"binary-expr","locations":[{"start":{"line":66,"column":8},"end":{"line":66,"column":12}},{"start":{"line":66,"column":16},"end":{"line":66,"column":59}}]},"9":{"loc":{"start":{"line":80,"column":20},"end":{"line":80,"column":64}},"type":"cond-expr","locations":[{"start":{"line":80,"column":43},"end":{"line":80,"column":54}},{"start":{"line":80,"column":57},"end":{"line":80,"column":64}}]},"10":{"loc":{"start":{"line":91,"column":20},"end":{"line":91,"column":64}},"type":"cond-expr","locations":[{"start":{"line":91,"column":43},"end":{"line":91,"column":54}},{"start":{"line":91,"column":57},"end":{"line":91,"column":64}}]}},"s":{"0":5,"1":5,"2":5,"3":4,"4":4,"5":4,"6":1,"7":1,"8":3,"9":3,"10":0,"11":0,"12":5,"13":5,"14":2,"15":2,"16":2,"17":0,"18":0,"19":5,"20":5,"21":6,"22":6,"23":6,"24":6,"25":6,"26":6,"27":6,"28":1,"29":1,"30":5,"31":1,"32":1,"33":4,"34":3,"35":1,"36":1,"37":5,"38":5,"39":5,"40":5,"41":5,"42":5,"43":5,"44":5,"45":5,"46":5,"47":1,"48":1,"49":4,"50":4,"51":0,"52":0,"53":5,"54":5,"55":1,"56":1,"57":1,"58":1,"59":0,"60":0,"61":5},"f":{"0":4,"1":2,"2":6,"3":5,"4":1},"b":{"0":[1,3],"1":[0,0],"2":[0,0],"3":[1,5],"4":[6,6,6,5,5],"5":[1,4],"6":[1,0],"7":[1,4],"8":[5,2],"9":[0,0],"10":[0,0]}}
,"C:\\Dev\\ITAM\\itam_api\\src\\middleware\\auth.middleware.ts": {"path":"C:\\Dev\\ITAM\\itam_api\\src\\middleware\\auth.middleware.ts","statementMap":{"0":{"start":{"line":2,"column":0},"end":{"line":2,"column":31}},"1":{"start":{"line":9,"column":28},"end":{"line":24,"column":1}},"2":{"start":{"line":10,"column":21},"end":{"line":10,"column":46}},"3":{"start":{"line":11,"column":2},"end":{"line":14,"column":3}},"4":{"start":{"line":12,"column":4},"end":{"line":12,"column":54}},"5":{"start":{"line":13,"column":4},"end":{"line":13,"column":11}},"6":{"start":{"line":16,"column":16},"end":{"line":16,"column":40}},"7":{"start":{"line":17,"column":2},"end":{"line":23,"column":3}},"8":{"start":{"line":18,"column":20},"end":{"line":18,"column":83}},"9":{"start":{"line":19,"column":4},"end":{"line":19,"column":23}},"10":{"start":{"line":20,"column":4},"end":{"line":20,"column":11}},"11":{"start":{"line":22,"column":4},"end":{"line":22,"column":66}},"12":{"start":{"line":9,"column":13},"end":{"line":9,"column":28}},"13":{"start":{"line":26,"column":25},"end":{"line":34,"column":1}},"14":{"start":{"line":27,"column":2},"end":{"line":33,"column":4}},"15":{"start":{"line":28,"column":4},"end":{"line":31,"column":5}},"16":{"start":{"line":29,"column":6},"end":{"line":29,"column":53}},"17":{"start":{"line":30,"column":6},"end":{"line":30,"column":13}},"18":{"start":{"line":32,"column":4},"end":{"line":32,"column":11}},"19":{"start":{"line":26,"column":13},"end":{"line":26,"column":25}}},"fnMap":{"0":{"name":"(anonymous_1)","decl":{"start":{"line":9,"column":28},"end":{"line":9,"column":29}},"loc":{"start":{"line":9,"column":90},"end":{"line":24,"column":1}}},"1":{"name":"(anonymous_2)","decl":{"start":{"line":26,"column":25},"end":{"line":26,"column":26}},"loc":{"start":{"line":26,"column":48},"end":{"line":34,"column":1}}},"2":{"name":"(anonymous_3)","decl":{"start":{"line":27,"column":9},"end":{"line":27,"column":10}},"loc":{"start":{"line":27,"column":71},"end":{"line":33,"column":3}}}},"branchMap":{"0":{"loc":{"start":{"line":11,"column":2},"end":{"line":14,"column":3}},"type":"if","locations":[{"start":{"line":11,"column":2},"end":{"line":14,"column":3}},{"start":{},"end":{}}]},"1":{"loc":{"start":{"line":28,"column":4},"end":{"line":31,"column":5}},"type":"if","locations":[{"start":{"line":28,"column":4},"end":{"line":31,"column":5}},{"start":{},"end":{}}]},"2":{"loc":{"start":{"line":28,"column":8},"end":{"line":28,"column":51}},"type":"binary-expr","locations":[{"start":{"line":28,"column":8},"end":{"line":28,"column":17}},{"start":{"line":28,"column":21},"end":{"line":28,"column":51}}]}},"s":{"0":5,"1":5,"2":77,"3":77,"4":4,"5":4,"6":73,"7":73,"8":73,"9":72,"10":72,"11":1,"12":5,"13":5,"14":125,"15":63,"16":14,"17":14,"18":49,"19":5},"f":{"0":77,"1":125,"2":63},"b":{"0":[4,73],"1":[14,49],"2":[63,63]}}
,"C:\\Dev\\ITAM\\itam_api\\src\\routes\\asset.routes.ts": {"path":"C:\\Dev\\ITAM\\itam_api\\src\\routes\\asset.routes.ts","statementMap":{"0":{"start":{"line":1,"column":0},"end":{"line":1,"column":33}},"1":{"start":{"line":2,"column":0},"end":{"line":2,"column":67}},"2":{"start":{"line":3,"column":0},"end":{"line":3,"column":72}},"3":{"start":{"line":4,"column":0},"end":{"line":4,"column":70}},"4":{"start":{"line":5,"column":0},"end":{"line":5,"column":28}},"5":{"start":{"line":7,"column":15},"end":{"line":7,"column":58}},"6":{"start":{"line":8,"column":15},"end":{"line":8,"column":23}},"7":{"start":{"line":9,"column":14},"end":{"line":9,"column":21}},"8":{"start":{"line":10,"column":19},"end":{"line":10,"column":31}},"9":{"start":{"line":13,"column":0},"end":{"line":13,"column":72}},"10":{"start":{"line":14,"column":0},"end":{"line":14,"column":92}},"11":{"start":{"line":17,"column":0},"end":{"line":17,"column":57}},"12":{"start":{"line":18,"column":0},"end":{"line":18,"column":87}},"13":{"start":{"line":19,"column":0},"end":{"line":19,"column":63}},"14":{"start":{"line":22,"column":0},"end":{"line":22,"column":90}},"15":{"start":{"line":23,"column":0},"end":{"line":23,"column":92}},"16":{"start":{"line":24,"column":0},"end":{"line":24,"column":83}},"17":{"start":{"line":27,"column":0},"end":{"line":27,"column":99}},"18":{"start":{"line":29,"column":0},"end":{"line":29,"column":22}}},"fnMap":{},"branchMap":{},"s":{"0":5,"1":5,"2":5,"3":5,"4":5,"5":5,"6":5,"7":5,"8":5,"9":5,"10":5,"11":5,"12":5,"13":5,"14":5,"15":5,"16":5,"17":5,"18":5},"f":{},"b":{}}
,"C:\\Dev\\ITAM\\itam_api\\src\\routes\\asset_type.routes.ts": {"path":"C:\\Dev\\ITAM\\itam_api\\src\\routes\\asset_type.routes.ts","statementMap":{"0":{"start":{"line":1,"column":0},"end":{"line":1,"column":33}},"1":{"start":{"line":2,"column":0},"end":{"line":2,"column":76}},"2":{"start":{"line":3,"column":0},"end":{"line":3,"column":72}},"3":{"start":{"line":5,"column":15},"end":{"line":5,"column":23}},"4":{"start":{"line":7,"column":0},"end":{"line":7,"column":65}},"5":{"start":{"line":8,"column":0},"end":{"line":8,"column":88}},"6":{"start":{"line":9,"column":0},"end":{"line":9,"column":90}},"7":{"start":{"line":10,"column":0},"end":{"line":10,"column":93}},"8":{"start":{"line":12,"column":0},"end":{"line":12,"column":22}}},"fnMap":{},"branchMap":{},"s":{"0":5,"1":5,"2":5,"3":5,"4":5,"5":5,"6":5,"7":5,"8":5},"f":{},"b":{}}
,"C:\\Dev\\ITAM\\itam_api\\src\\routes\\auth.routes.ts": {"path":"C:\\Dev\\ITAM\\itam_api\\src\\routes\\auth.routes.ts","statementMap":{"0":{"start":{"line":1,"column":0},"end":{"line":1,"column":33}},"1":{"start":{"line":2,"column":0},"end":{"line":2,"column":65}},"2":{"start":{"line":4,"column":15},"end":{"line":4,"column":23}},"3":{"start":{"line":6,"column":0},"end":{"line":6,"column":50}},"4":{"start":{"line":7,"column":0},"end":{"line":7,"column":44}},"5":{"start":{"line":8,"column":0},"end":{"line":8,"column":48}},"6":{"start":{"line":9,"column":0},"end":{"line":9,"column":46}},"7":{"start":{"line":11,"column":0},"end":{"line":11,"column":22}}},"fnMap":{},"branchMap":{},"s":{"0":5,"1":5,"2":5,"3":5,"4":5,"5":5,"6":5,"7":5},"f":{},"b":{}}
,"C:\\Dev\\ITAM\\itam_api\\src\\routes\\location.routes.ts": {"path":"C:\\Dev\\ITAM\\itam_api\\src\\routes\\location.routes.ts","statementMap":{"0":{"start":{"line":1,"column":0},"end":{"line":1,"column":33}},"1":{"start":{"line":2,"column":0},"end":{"line":2,"column":null}},"2":{"start":{"line":8,"column":0},"end":{"line":8,"column":72}},"3":{"start":{"line":10,"column":15},"end":{"line":10,"column":23}},"4":{"start":{"line":12,"column":0},"end":{"line":12,"column":44}},"5":{"start":{"line":13,"column":0},"end":{"line":13,"column":67}},"6":{"start":{"line":14,"column":0},"end":{"line":14,"column":69}},"7":{"start":{"line":15,"column":0},"end":{"line":15,"column":72}},"8":{"start":{"line":17,"column":0},"end":{"line":17,"column":22}}},"fnMap":{},"branchMap":{},"s":{"0":5,"1":5,"2":5,"3":5,"4":5,"5":5,"6":5,"7":5,"8":5},"f":{},"b":{}}
,"C:\\Dev\\ITAM\\itam_api\\src\\routes\\stats.routes.ts": {"path":"C:\\Dev\\ITAM\\itam_api\\src\\routes\\stats.routes.ts","statementMap":{"0":{"start":{"line":1,"column":0},"end":{"line":1,"column":33}},"1":{"start":{"line":2,"column":0},"end":{"line":2,"column":67}},"2":{"start":{"line":3,"column":0},"end":{"line":3,"column":72}},"3":{"start":{"line":5,"column":15},"end":{"line":5,"column":23}},"4":{"start":{"line":7,"column":0},"end":{"line":7,"column":108}},"5":{"start":{"line":8,"column":0},"end":{"line":8,"column":101}},"6":{"start":{"line":9,"column":0},"end":{"line":9,"column":103}},"7":{"start":{"line":10,"column":0},"end":{"line":10,"column":111}},"8":{"start":{"line":12,"column":0},"end":{"line":12,"column":22}}},"fnMap":{},"branchMap":{},"s":{"0":5,"1":5,"2":5,"3":5,"4":5,"5":5,"6":5,"7":5,"8":5},"f":{},"b":{}}
,"C:\\Dev\\ITAM\\itam_api\\src\\routes\\supplier.routes.ts": {"path":"C:\\Dev\\ITAM\\itam_api\\src\\routes\\supplier.routes.ts","statementMap":{"0":{"start":{"line":1,"column":0},"end":{"line":1,"column":33}},"1":{"start":{"line":2,"column":0},"end":{"line":2,"column":73}},"2":{"start":{"line":3,"column":0},"end":{"line":3,"column":72}},"3":{"start":{"line":5,"column":15},"end":{"line":5,"column":23}},"4":{"start":{"line":7,"column":0},"end":{"line":7,"column":63}},"5":{"start":{"line":8,"column":0},"end":{"line":8,"column":86}},"6":{"start":{"line":9,"column":0},"end":{"line":9,"column":88}},"7":{"start":{"line":10,"column":0},"end":{"line":10,"column":91}},"8":{"start":{"line":12,"column":0},"end":{"line":12,"column":22}}},"fnMap":{},"branchMap":{},"s":{"0":5,"1":5,"2":5,"3":5,"4":5,"5":5,"6":5,"7":5,"8":5},"f":{},"b":{}}
,"C:\\Dev\\ITAM\\itam_api\\src\\routes\\ticket.routes.ts": {"path":"C:\\Dev\\ITAM\\itam_api\\src\\routes\\ticket.routes.ts","statementMap":{"0":{"start":{"line":1,"column":0},"end":{"line":1,"column":33}},"1":{"start":{"line":2,"column":0},"end":{"line":2,"column":69}},"2":{"start":{"line":3,"column":0},"end":{"line":3,"column":72}},"3":{"start":{"line":5,"column":15},"end":{"line":5,"column":23}},"4":{"start":{"line":7,"column":14},"end":{"line":7,"column":21}},"5":{"start":{"line":8,"column":19},"end":{"line":8,"column":31}},"6":{"start":{"line":11,"column":0},"end":{"line":11,"column":59}},"7":{"start":{"line":12,"column":0},"end":{"line":12,"column":65}},"8":{"start":{"line":15,"column":0},"end":{"line":15,"column":62}},"9":{"start":{"line":18,"column":0},"end":{"line":18,"column":96}},"10":{"start":{"line":21,"column":0},"end":{"line":21,"column":85}},"11":{"start":{"line":24,"column":0},"end":{"line":24,"column":76}},"12":{"start":{"line":25,"column":0},"end":{"line":25,"column":106}},"13":{"start":{"line":27,"column":0},"end":{"line":27,"column":22}}},"fnMap":{},"branchMap":{},"s":{"0":5,"1":5,"2":5,"3":5,"4":5,"5":5,"6":5,"7":5,"8":5,"9":5,"10":5,"11":5,"12":5,"13":5},"f":{},"b":{}}
,"C:\\Dev\\ITAM\\itam_api\\src\\routes\\user.routes.ts": {"path":"C:\\Dev\\ITAM\\itam_api\\src\\routes\\user.routes.ts","statementMap":{"0":{"start":{"line":1,"column":0},"end":{"line":1,"column":33}},"1":{"start":{"line":2,"column":0},"end":{"line":2,"column":65}},"2":{"start":{"line":3,"column":0},"end":{"line":3,"column":72}},"3":{"start":{"line":5,"column":15},"end":{"line":5,"column":23}},"4":{"start":{"line":7,"column":0},"end":{"line":7,"column":78}},"5":{"start":{"line":8,"column":0},"end":{"line":8,"column":105}},"6":{"start":{"line":9,"column":0},"end":{"line":9,"column":78}},"7":{"start":{"line":10,"column":0},"end":{"line":10,"column":80}},"8":{"start":{"line":11,"column":0},"end":{"line":11,"column":83}},"9":{"start":{"line":13,"column":0},"end":{"line":13,"column":22}}},"fnMap":{},"branchMap":{},"s":{"0":5,"1":5,"2":5,"3":5,"4":5,"5":5,"6":5,"7":5,"8":5,"9":5},"f":{},"b":{}}
,"C:\\Dev\\ITAM\\itam_api\\src\\services\\asset.service.ts": {"path":"C:\\Dev\\ITAM\\itam_api\\src\\services\\asset.service.ts","statementMap":{"0":{"start":{"line":1,"column":0},"end":{"line":1,"column":38}},"1":{"start":{"line":2,"column":0},"end":{"line":2,"column":40}},"2":{"start":{"line":4,"column":0},"end":{"line":4,"column":28}},"3":{"start":{"line":5,"column":0},"end":{"line":5,"column":28}},"4":{"start":{"line":6,"column":0},"end":{"line":6,"column":24}},"5":{"start":{"line":8,"column":38},"end":{"line":21,"column":1}},"6":{"start":{"line":9,"column":16},"end":{"line":9,"column":39}},"7":{"start":{"line":10,"column":34},"end":{"line":10,"column":46}},"8":{"start":{"line":12,"column":15},"end":{"line":12,"column":63}},"9":{"start":{"line":13,"column":2},"end":{"line":13,"column":25}},"10":{"start":{"line":13,"column":13},"end":{"line":13,"column":25}},"11":{"start":{"line":15,"column":14},"end":{"line":15,"column":23}},"12":{"start":{"line":16,"column":14},"end":{"line":16,"column":26}},"13":{"start":{"line":17,"column":2},"end":{"line":17,"column":73}},"14":{"start":{"line":17,"column":61},"end":{"line":17,"column":73}},"15":{"start":{"line":19,"column":13},"end":{"line":19,"column":50}},"16":{"start":{"line":20,"column":2},"end":{"line":20,"column":31}},"17":{"start":{"line":8,"column":13},"end":{"line":8,"column":38}},"18":{"start":{"line":23,"column":21},"end":{"line":27,"column":2}},"19":{"start":{"line":29,"column":35},"end":{"line":41,"column":1}},"20":{"start":{"line":30,"column":16},"end":{"line":30,"column":64}},"21":{"start":{"line":31,"column":2},"end":{"line":31,"column":26}},"22":{"start":{"line":31,"column":14},"end":{"line":31,"column":26}},"23":{"start":{"line":33,"column":18},"end":{"line":33,"column":39}},"24":{"start":{"line":34,"column":17},"end":{"line":38,"column":4}},"25":{"start":{"line":40,"column":2},"end":{"line":40,"column":16}},"26":{"start":{"line":29,"column":13},"end":{"line":29,"column":35}},"27":{"start":{"line":43,"column":25},"end":{"line":64,"column":1}},"28":{"start":{"line":44,"column":61},"end":{"line":44,"column":68}},"29":{"start":{"line":46,"column":2},"end":{"line":63,"column":5}},"30":{"start":{"line":43,"column":13},"end":{"line":43,"column":25}},"31":{"start":{"line":66,"column":35},"end":{"line":72,"column":1}},"32":{"start":{"line":67,"column":2},"end":{"line":71,"column":5}},"33":{"start":{"line":66,"column":13},"end":{"line":66,"column":35}},"34":{"start":{"line":74,"column":28},"end":{"line":98,"column":1}},"35":{"start":{"line":75,"column":2},"end":{"line":97,"column":5}},"36":{"start":{"line":74,"column":13},"end":{"line":74,"column":28}},"37":{"start":{"line":100,"column":27},"end":{"line":127,"column":1}},"38":{"start":{"line":101,"column":16},"end":{"line":115,"column":4}},"39":{"start":{"line":117,"column":2},"end":{"line":124,"column":5}},"40":{"start":{"line":126,"column":2},"end":{"line":126,"column":15}},"41":{"start":{"line":100,"column":13},"end":{"line":100,"column":27}},"42":{"start":{"line":129,"column":27},"end":{"line":170,"column":1}},"43":{"start":{"line":130,"column":19},"end":{"line":130,"column":67}},"44":{"start":{"line":131,"column":2},"end":{"line":131,"column":29}},"45":{"start":{"line":131,"column":17},"end":{"line":131,"column":29}},"46":{"start":{"line":133,"column":16},"end":{"line":152,"column":4}},"47":{"start":{"line":154,"column":28},"end":{"line":154,"column":30}},"48":{"start":{"line":155,"column":2},"end":{"line":156,"column":63}},"49":{"start":{"line":156,"column":4},"end":{"line":156,"column":63}},"50":{"start":{"line":157,"column":2},"end":{"line":158,"column":95}},"51":{"start":{"line":158,"column":4},"end":{"line":158,"column":95}},"52":{"start":{"line":160,"column":2},"end":{"line":167,"column":5}},"53":{"start":{"line":169,"column":2},"end":{"line":169,"column":15}},"54":{"start":{"line":129,"column":13},"end":{"line":129,"column":27}},"55":{"start":{"line":172,"column":27},"end":{"line":186,"column":1}},"56":{"start":{"line":173,"column":16},"end":{"line":173,"column":64}},"57":{"start":{"line":174,"column":2},"end":{"line":174,"column":26}},"58":{"start":{"line":174,"column":14},"end":{"line":174,"column":26}},"59":{"start":{"line":176,"column":2},"end":{"line":183,"column":5}},"60":{"start":{"line":185,"column":2},"end":{"line":185,"column":48}},"61":{"start":{"line":172,"column":13},"end":{"line":172,"column":27}},"62":{"start":{"line":188,"column":35},"end":{"line":194,"column":1}},"63":{"start":{"line":189,"column":2},"end":{"line":193,"column":5}},"64":{"start":{"line":188,"column":13},"end":{"line":188,"column":35}}},"fnMap":{"0":{"name":"(anonymous_1)","decl":{"start":{"line":8,"column":38},"end":{"line":8,"column":43}},"loc":{"start":{"line":8,"column":87},"end":{"line":21,"column":1}}},"1":{"name":"(anonymous_2)","decl":{"start":{"line":29,"column":35},"end":{"line":29,"column":40}},"loc":{"start":{"line":29,"column":80},"end":{"line":41,"column":1}}},"2":{"name":"(anonymous_3)","decl":{"start":{"line":43,"column":25},"end":{"line":43,"column":30}},"loc":{"start":{"line":43,"column":57},"end":{"line":64,"column":1}}},"3":{"name":"(anonymous_4)","decl":{"start":{"line":66,"column":35},"end":{"line":66,"column":40}},"loc":{"start":{"line":66,"column":64},"end":{"line":72,"column":1}}},"4":{"name":"(anonymous_5)","decl":{"start":{"line":74,"column":28},"end":{"line":74,"column":33}},"loc":{"start":{"line":74,"column":49},"end":{"line":98,"column":1}}},"5":{"name":"(anonymous_6)","decl":{"start":{"line":100,"column":27},"end":{"line":100,"column":32}},"loc":{"start":{"line":100,"column":73},"end":{"line":127,"column":1}}},"6":{"name":"(anonymous_7)","decl":{"start":{"line":129,"column":27},"end":{"line":129,"column":32}},"loc":{"start":{"line":129,"column":85},"end":{"line":170,"column":1}}},"7":{"name":"(anonymous_8)","decl":{"start":{"line":172,"column":27},"end":{"line":172,"column":32}},"loc":{"start":{"line":172,"column":64},"end":{"line":186,"column":1}}},"8":{"name":"(anonymous_9)","decl":{"start":{"line":188,"column":35},"end":{"line":188,"column":40}},"loc":{"start":{"line":188,"column":88},"end":{"line":194,"column":1}}}},"branchMap":{"0":{"loc":{"start":{"line":13,"column":2},"end":{"line":13,"column":25}},"type":"if","locations":[{"start":{"line":13,"column":2},"end":{"line":13,"column":25}},{"start":{},"end":{}}]},"1":{"loc":{"start":{"line":17,"column":2},"end":{"line":17,"column":73}},"type":"if","locations":[{"start":{"line":17,"column":2},"end":{"line":17,"column":73}},{"start":{},"end":{}}]},"2":{"loc":{"start":{"line":17,"column":6},"end":{"line":17,"column":59}},"type":"binary-expr","locations":[{"start":{"line":17,"column":6},"end":{"line":17,"column":30}},{"start":{"line":17,"column":34},"end":{"line":17,"column":59}}]},"3":{"loc":{"start":{"line":20,"column":9},"end":{"line":20,"column":30}},"type":"cond-expr","locations":[{"start":{"line":20,"column":21},"end":{"line":20,"column":25}},{"start":{"line":20,"column":28},"end":{"line":20,"column":30}}]},"4":{"loc":{"start":{"line":31,"column":2},"end":{"line":31,"column":26}},"type":"if","locations":[{"start":{"line":31,"column":2},"end":{"line":31,"column":26}},{"start":{},"end":{}}]},"5":{"loc":{"start":{"line":48,"column":10},"end":{"line":48,"column":30}},"type":"binary-expr","locations":[{"start":{"line":48,"column":10},"end":{"line":48,"column":16}},{"start":{"line":48,"column":20},"end":{"line":48,"column":30}}]},"6":{"loc":{"start":{"line":49,"column":10},"end":{"line":49,"column":30}},"type":"binary-expr","locations":[{"start":{"line":49,"column":10},"end":{"line":49,"column":16}},{"start":{"line":49,"column":20},"end":{"line":49,"column":30}}]},"7":{"loc":{"start":{"line":50,"column":10},"end":{"line":50,"column":38}},"type":"binary-expr","locations":[{"start":{"line":50,"column":10},"end":{"line":50,"column":20}},{"start":{"line":50,"column":24},"end":{"line":50,"column":38}}]},"8":{"loc":{"start":{"line":51,"column":10},"end":{"line":51,"column":38}},"type":"binary-expr","locations":[{"start":{"line":51,"column":10},"end":{"line":51,"column":20}},{"start":{"line":51,"column":24},"end":{"line":51,"column":38}}]},"9":{"loc":{"start":{"line":52,"column":10},"end":{"line":59,"column":8}},"type":"binary-expr","locations":[{"start":{"line":52,"column":10},"end":{"line":52,"column":16}},{"start":{"line":52,"column":20},"end":{"line":59,"column":8}}]},"10":{"loc":{"start":{"line":107,"column":14},"end":{"line":107,"column":55}},"type":"binary-expr","locations":[{"start":{"line":107,"column":14},"end":{"line":107,"column":24}},{"start":{"line":107,"column":28},"end":{"line":107,"column":55}}]},"11":{"loc":{"start":{"line":108,"column":20},"end":{"line":108,"column":78}},"type":"cond-expr","locations":[{"start":{"line":108,"column":39},"end":{"line":108,"column":65}},{"start":{"line":108,"column":68},"end":{"line":108,"column":78}}]},"12":{"loc":{"start":{"line":109,"column":19},"end":{"line":109,"column":69}},"type":"cond-expr","locations":[{"start":{"line":109,"column":37},"end":{"line":109,"column":62}},{"start":{"line":109,"column":65},"end":{"line":109,"column":69}}]},"13":{"loc":{"start":{"line":131,"column":2},"end":{"line":131,"column":29}},"type":"if","locations":[{"start":{"line":131,"column":2},"end":{"line":131,"column":29}},{"start":{},"end":{}}]},"14":{"loc":{"start":{"line":136,"column":10},"end":{"line":136,"column":40}},"type":"binary-expr","locations":[{"start":{"line":136,"column":10},"end":{"line":136,"column":18}},{"start":{"line":136,"column":22},"end":{"line":136,"column":40}}]},"15":{"loc":{"start":{"line":137,"column":10},"end":{"line":137,"column":78}},"type":"binary-expr","locations":[{"start":{"line":137,"column":10},"end":{"line":137,"column":40}},{"start":{"line":137,"column":44},"end":{"line":137,"column":78}}]},"16":{"loc":{"start":{"line":138,"column":10},"end":{"line":138,"column":57}},"type":"binary-expr","locations":[{"start":{"line":138,"column":10},"end":{"line":138,"column":33}},{"start":{"line":138,"column":37},"end":{"line":138,"column":57}}]},"17":{"loc":{"start":{"line":139,"column":10},"end":{"line":139,"column":57}},"type":"binary-expr","locations":[{"start":{"line":139,"column":10},"end":{"line":139,"column":33}},{"start":{"line":139,"column":37},"end":{"line":139,"column":57}}]},"18":{"loc":{"start":{"line":140,"column":10},"end":{"line":140,"column":46}},"type":"binary-expr","locations":[{"start":{"line":140,"column":10},"end":{"line":140,"column":20}},{"start":{"line":140,"column":24},"end":{"line":140,"column":46}}]},"19":{"loc":{"start":{"line":141,"column":10},"end":{"line":143,"column":8}},"type":"binary-expr","locations":[{"start":{"line":141,"column":10},"end":{"line":141,"column":40}},{"start":{"line":141,"column":44},"end":{"line":143,"column":8}}]},"20":{"loc":{"start":{"line":142,"column":22},"end":{"line":142,"column":80}},"type":"cond-expr","locations":[{"start":{"line":142,"column":41},"end":{"line":142,"column":67}},{"start":{"line":142,"column":70},"end":{"line":142,"column":80}}]},"21":{"loc":{"start":{"line":144,"column":10},"end":{"line":146,"column":8}},"type":"binary-expr","locations":[{"start":{"line":144,"column":10},"end":{"line":144,"column":39}},{"start":{"line":144,"column":43},"end":{"line":146,"column":8}}]},"22":{"loc":{"start":{"line":145,"column":21},"end":{"line":145,"column":71}},"type":"cond-expr","locations":[{"start":{"line":145,"column":39},"end":{"line":145,"column":64}},{"start":{"line":145,"column":67},"end":{"line":145,"column":71}}]},"23":{"loc":{"start":{"line":147,"column":10},"end":{"line":147,"column":46}},"type":"binary-expr","locations":[{"start":{"line":147,"column":10},"end":{"line":147,"column":20}},{"start":{"line":147,"column":24},"end":{"line":147,"column":46}}]},"24":{"loc":{"start":{"line":148,"column":10},"end":{"line":148,"column":80}},"type":"binary-expr","locations":[{"start":{"line":148,"column":10},"end":{"line":148,"column":38}},{"start":{"line":148,"column":42},"end":{"line":148,"column":80}}]},"25":{"loc":{"start":{"line":148,"column":56},"end":{"line":148,"column":78}},"type":"binary-expr","locations":[{"start":{"line":148,"column":56},"end":{"line":148,"column":70}},{"start":{"line":148,"column":74},"end":{"line":148,"column":78}}]},"26":{"loc":{"start":
[...]
,"C:\\Dev\\ITAM\\itam_api\\src\\services\\ticket.service.ts": {"path":"C:\\Dev\\ITAM\\itam_api\\src\\services\\ticket.service.ts","statementMap":{"0":{"start":{"line":1,"column":0},"end":{"line":1,"column":38}},"1":{"start":{"line":2,"column":0},"end":{"line":2,"column":40}},"2":{"start":{"line":5,"column":22},"end":{"line":33,"column":2}},"3":{"start":{"line":36,"column":15},"end":{"line":36,"column":39}},"4":{"start":{"line":37,"column":17},"end":{"line":37,"column":58}},"5":{"start":{"line":38,"column":2},"end":{"line":38,"column":33}},"6":{"start":{"line":41,"column":26},"end":{"line":67,"column":1}},"7":{"start":{"line":42,"column":71},"end":{"line":42,"column":78}},"8":{"start":{"line":45,"column":4},"end":{"line":51,"column":10}},"9":{"start":{"line":53,"column":2},"end":{"line":66,"column":5}},"10":{"start":{"line":41,"column":13},"end":{"line":41,"column":26}},"11":{"start":{"line":69,"column":29},"end":{"line":74,"column":1}},"12":{"start":{"line":70,"column":2},"end":{"line":73,"column":5}},"13":{"start":{"line":69,"column":13},"end":{"line":69,"column":29}},"14":{"start":{"line":76,"column":28},"end":{"line":91,"column":1}},"15":{"start":{"line":77,"column":2},"end":{"line":90,"column":5}},"16":{"start":{"line":76,"column":13},"end":{"line":76,"column":28}},"17":{"start":{"line":93,"column":28},"end":{"line":153,"column":1}},"18":{"start":{"line":94,"column":19},"end":{"line":97,"column":4}},"19":{"start":{"line":98,"column":2},"end":{"line":98,"column":29}},"20":{"start":{"line":98,"column":17},"end":{"line":98,"column":29}},"21":{"start":{"line":101,"column":4},"end":{"line":105,"column":19}},"22":{"start":{"line":108,"column":50},"end":{"line":108,"column":54}},"23":{"start":{"line":110,"column":2},"end":{"line":125,"column":3}},"24":{"start":{"line":112,"column":6},"end":{"line":113,"column":57}},"25":{"start":{"line":115,"column":4},"end":{"line":124,"column":5}},"26":{"start":{"line":116,"column":6},"end":{"line":116,"column":54}},"27":{"start":{"line":117,"column":11},"end":{"line":124,"column":5}},"28":{"start":{"line":121,"column":6},"end":{"line":123,"column":38}},"29":{"start":{"line":127,"column":2},"end":{"line":152,"column":5}},"30":{"start":{"line":128,"column":19},"end":{"line":142,"column":6}},"31":{"start":{"line":144,"column":4},"end":{"line":149,"column":5}},"32":{"start":{"line":145,"column":6},"end":{"line":148,"column":9}},"33":{"start":{"line":151,"column":4},"end":{"line":151,"column":18}},"34":{"start":{"line":93,"column":13},"end":{"line":93,"column":28}},"35":{"start":{"line":155,"column":28},"end":{"line":159,"column":1}},"36":{"start":{"line":156,"column":17},"end":{"line":156,"column":66}},"37":{"start":{"line":157,"column":2},"end":{"line":157,"column":27}},"38":{"start":{"line":157,"column":15},"end":{"line":157,"column":27}},"39":{"start":{"line":158,"column":2},"end":{"line":158,"column":49}},"40":{"start":{"line":155,"column":13},"end":{"line":155,"column":28}},"41":{"start":{"line":161,"column":32},"end":{"line":169,"column":1}},"42":{"start":{"line":162,"column":2},"end":{"line":168,"column":5}},"43":{"start":{"line":161,"column":13},"end":{"line":161,"column":32}},"44":{"start":{"line":171,"column":31},"end":{"line":208,"column":1}},"45":{"start":{"line":176,"column":17},"end":{"line":179,"column":4}},"46":{"start":{"line":180,"column":2},"end":{"line":180,"column":27}},"47":{"start":{"line":180,"column":15},"end":{"line":180,"column":27}},"48":{"start":{"line":182,"column":2},"end":{"line":207,"column":5}},"49":{"start":{"line":183,"column":20},"end":{"line":188,"column":6}},"50":{"start":{"line":191,"column":4},"end":{"line":204,"column":5}},"51":{"start":{"line":192,"column":6},"end":{"line":195,"column":9}},"52":{"start":{"line":198,"column":6},"end":{"line":203,"column":7}},"53":{"start":{"line":199,"column":8},"end":{"line":202,"column":11}},"54":{"start":{"line":206,"column":4},"end":{"line":206,"column":19}},"55":{"start":{"line":171,"column":13},"end":{"line":171,"column":31}}},"fnMap":{"0":{"name":"generateReference","decl":{"start":{"line":35,"column":9},"end":{"line":35,"column":26}},"loc":{"start":{"line":35,"column":26},"end":{"line":39,"column":1}}},"1":{"name":"(anonymous_2)","decl":{"start":{"line":41,"column":26},"end":{"line":41,"column":31}},"loc":{"start":{"line":41,"column":129},"end":{"line":67,"column":1}}},"2":{"name":"(anonymous_3)","decl":{"start":{"line":69,"column":29},"end":{"line":69,"column":34}},"loc":{"start":{"line":69,"column":50},"end":{"line":74,"column":1}}},"3":{"name":"(anonymous_4)","decl":{"start":{"line":76,"column":28},"end":{"line":76,"column":33}},"loc":{"start":{"line":76,"column":80},"end":{"line":91,"column":1}}},"4":{"name":"(anonymous_5)","decl":{"start":{"line":93,"column":28},"end":{"line":93,"column":33}},"loc":{"start":{"line":93,"column":71},"end":{"line":153,"column":1}}},"5":{"name":"(anonymous_6)","decl":{"start":{"line":127,"column":29},"end":{"line":127,"column":34}},"loc":{"start":{"line":127,"column":42},"end":{"line":152,"column":3}}},"6":{"name":"(anonymous_7)","decl":{"start":{"line":155,"column":28},"end":{"line":155,"column":33}},"loc":{"start":{"line":155,"column":49},"end":{"line":159,"column":1}}},"7":{"name":"(anonymous_8)","decl":{"start":{"line":161,"column":32},"end":{"line":161,"column":37}},"loc":{"start":{"line":161,"column":59},"end":{"line":169,"column":1}}},"8":{"name":"(anonymous_9)","decl":{"start":{"line":171,"column":31},"end":{"line":171,"column":36}},"loc":{"start":{"line":175,"column":4},"end":{"line":208,"column":1}}},"9":{"name":"(anonymous_10)","decl":{"start":{"line":182,"column":29},"end":{"line":182,"column":34}},"loc":{"start":{"line":182,"column":42},"end":{"line":207,"column":3}}}},"branchMap":{"0":{"loc":{"start":{"line":45,"column":4},"end":{"line":51,"column":10}},"type":"cond-expr","locations":[{"start":{"line":46,"column":8},"end":{"line":50,"column":null}},{"start":{"line":51,"column":8},"end":{"line":51,"column":10}}]},"1":{"loc":{"start":{"line":48,"column":22},"end":{"line":48,"column":50}},"type":"binary-expr","locations":[{"start":{"line":48,"column":22},"end":{"line":48,"column":44}},{"start":{"line":48,"column":48},"end":{"line":48,"column":50}}]},"2":{"loc":{"start":{"line":56,"column":10},"end":{"line":56,"column":30}},"type":"binary-expr","locations":[{"start":{"line":56,"column":10},"end":{"line":56,"column":16}},{"start":{"line":56,"column":20},"end":{"line":56,"column":30}}]},"3":{"loc":{"start":{"line":57,"column":10},"end":{"line":57,"column":34}},"type":"binary-expr","locations":[{"start":{"line":57,"column":10},"end":{"line":57,"column":18}},{"start":{"line":57,"column":22},"end":{"line":57,"column":34}}]},"4":{"loc":{"start":{"line":58,"column":10},"end":{"line":58,"column":26}},"type":"binary-expr","locations":[{"start":{"line":58,"column":10},"end":{"line":58,"column":14}},{"start":{"line":58,"column":18},"end":{"line":58,"column":26}}]},"5":{"loc":{"start":{"line":59,"column":10},"end":{"line":59,"column":38}},"type":"binary-expr","locations":[{"start":{"line":59,"column":10},"end":{"line":59,"column":20}},{"start":{"line":59,"column":24},"end":{"line":59,"column":38}}]},"6":{"loc":{"start":{"line":60,"column":10},"end":{"line":60,"column":40}},"type":"binary-expr","locations":[{"start":{"line":60,"column":10},"end":{"line":60,"column":21}},{"start":{"line":60,"column":25},"end":{"line":60,"column":40}}]},"7":{"loc":{"start":{"line":61,"column":10},"end":{"line":61,"column":32}},"type":"binary-expr","locations":[{"start":{"line":61,"column":10},"end":{"line":61,"column":17}},{"start":{"line":61,"column":21},"end":{"line":61,"column":32}}]},"8":{"loc":{"start":{"line":82,"column":12},"end":{"line":82,"column":50}},"type":"binary-expr","locations":[{"start":{"line":82,"column":12},"end":{"line":82,"column":20}},{"start":{"line":82,"column":24},"end":{"line":82,"column":50}}]},"9":{"loc":{"start":{"line":83,"column":16},"end":{"line":83,"column":60}},"type":"binary-expr","locations":[{"start":{"line":83,"column":16},"end":{"line":83,"column":28}},{"start":{"line":83,"column":32},"end":{"line":83,"column":60}}]},"10":{"loc":{"start":{"line":85,"column":15},"end":{"line":85,"column":34}},"type":"binary-expr","locations":[{"start":{"line":85,"column":15},"end":{"line":85,"column":26}},{"start":{"line":85,"column":30},"end":{"line":85,"column":34}}]},"11":{"loc":{"start":{"line":86,"column":18},"end":{"line":86,"column":40}},"type":"binary-expr","locations":[{"start":{"line":86,"column":18},"end":{"line":86,"column":32}},{"start":{"line":86,"column":36},"end":{"line":86,"column":40}}]},"12":{"loc":{"start":{"line":87,"column":15},"end":{"line":87,"column":57}},"type":"cond-expr","locations":[{"start":{"line":87,"column":29},"end":{"line":87,"column":50}},{"start":{"line":87,"column":53},"end":{"line":87,"column":57}}]},"13":{"loc":{"start":{"line":98,"column":2},"end":{"line":98,"column":29}},"type":"if","locations":[{"start":{"line":98,"column":2},"end":{"line":98,"column":29}},{"start":{},"end":{}}]},"14":{"loc":{"start":{"line":101,"column":4},"end":{"line":105,"column":19}},"type":"cond-expr","locations":[{"start":{"line":102,"column":8},"end":{"line":102,"column":18}},{"start":{"line":103,"column":8},"end":{"line":105,"column":19}}]},"15":{"loc":{"start":{"line":101,"column":4},"end":{"line":101,"column":99}},"type":"binary-expr","locations":[{"start":{"line":101,"column":4},"end":{"line":101,"column":47}},{"start":{"line":101,"column":51},"end":{"line":101,"column":99}}]},"16":{"loc":{"start":{"line":103,"column":8},"end":{"line":105,"column":19}},"type":"cond-expr","locations":[{"start":{"line":104,"column":10},"end":{"line":104,"column":14}},{"start":{"line":105,"column":10},"end":{"line":105,"column":19}}]},"17":{"loc":{"start":{"line":103,"column":8},"end":{"line":103,"column":65}},"type":"binary-expr","locations":[{"start":{"line":103,"column":8},"end":{"line":103,"column":18}},{"start":{"line":103,"column":22},"end":{"line":103,"column":65}}]},"18":{"loc":{"start":{"line":110,"column":2},"end":{"line":125,"column":3}},"type":"if","locations":[{"start":{"line":110,"column":2},"end":{"line":125,"column":3}},{"start":{},"end":{}}]},"19":{"loc":{"start":{"line":110,"column":6},"end":{"line":110,"column":36}},"type":"binary-expr","locations":[{"start":{"line":110,"column":6},"end":{"line":110,"column":16}},{"start":{"line":110,"column":20},"end":{"line":110,"column":36}}]},"20":{"loc":{"start":{"line":112,"column":6},"end":{"line":113,"column":57}},"type":"binary-expr","locations":[{"start":{"line":112,"column":6},"end":{"line":112,"column":50}},{"start":{"line":113,"column":6},"end":{"line":113,"column":57}}]},"21":{"loc":{"start":{"line":115,"column":4},"end":{"line":124,"column":5}},"type":"if","locations":[{"start":{"line":115,"column":4},"end":{"line":124,"column":5}},{"start":{"line":117,"column":11},"end":{"line":124,"column":5}}]},"22":{"loc":{"start":{"line":117,"column":11},"end":{"line":124,"column":5}},"type":"if","locations":[{"start":{"line":117,"column":11},"end":{"line":124,"column":5}},{"start":{},"end":{}}]},"23":{"loc":{"start":{"line":118,"column":6},"end":{"line":119,"column":47}},"type":"binary-expr","locations":[{"start":{"line":118,"column":6},"end":{"line":118,"column":49}},{"start":{"line":119,"column":6},"end":{"line":119,"column":47}}]},"24":{"loc":{"start":{"line":121,"column":23},"end":{"line":123,"column":37}},"type":"cond-expr","locations":[{"start":{"line":122,"column":10},"end":{"line":122,"column":39}},{"start":{"line":123,"column":10},"end":{"line":123,"column":37}}]},"25":{"loc":{"start":{"line":131,"column":12},"end":{"line":131,"column":45}},"type":"binary-expr","locations":[{"start":{"line":131,"column":12},"end":{"line":131,"column":21}},{"start":{"line":131,"column":25},"end":{"line":131,"column":45}}]},"26":{"loc":{"start":{"line":132,"column":12},"end":{"line":132,"column":77}},"type":"binary-expr","locations":[{"start":{"line":132,"column":12},"end":{"line":132,"column":41}},{"start":{"line":132,"column":45},"end":{"line":132,"column":77}}]},"27":{"loc":{"start":{"line":133,"column":12},"end":{"line":133,"column":48}},"type":"binary-expr","locations":[{"start":{"line":133,"column":12},"end":{"line":133,"column":22}},{"start":{"line":133,"column":26},"end":{"line":133,"column":48}}]},"28":{"loc":{"start":{"line":134,"column":12},"end":{"line":134,"column":54}},"type":"binary-expr","locations":[{"start":{"line":134,"column":12},"end":{"line":134,"column":24}},{"start":{"line":134,"column":28},"end":{"line":134,"column":54}}]},"29":{"loc":{"start":{"line":135,"column":12},"end":{"line":135,"column":82}},"type":"binary-expr","locations":[{"start":{"line":135,"column":12},"end":{"line":135,"column":40}},{"start":{"line":135,"column":44},"end":{"line":135,"column":82}}]},"30":{"loc":{"start":{"line":135,"column":58},"end":{"line":135,"column":80}},"type":"binary-expr","locations":[{"start":{"line":135,"column":58},"end":{"line":135,"column":72}},{"start":{"line":135,"column":76},"end":{"line":135,"column":80}}]},"31":{"loc":{"start":{"line":136,"column":12},"end":{"line":138,"column":10}},"type":"binary-expr","locations":[{"start":{"line":136,"column":12},"end":{"line":136,"column":37}},{"start":{"line":136,"column":41},"end":{"line":138,"column":10}}]},"32":{"loc":{"start":{"line":137,"column":19},"end":{"line":137,"column":61}},"type":"cond-expr","locations":[{"start":{"line":137,"column":33},"end":{"line":137,"column":54}},{"start":{"line":137,"column":57},"end":{"line":137,"column":61}}]},"33":{"loc":{"start":{"line":139,"column":12},"end":{"line":139,"column":54}},"type":"binary-expr","locations":[{"start":{"line":139,"column":12},"end":{"line":139,"column":36}},{"start":{"line":139,"column":40},"end":{"line":139,"column":54}}]},"34":{"loc":{"start":{"line":144,"column":4},"end":{"line":149,"column":5}},"type":"if","locations":[{"start":{"line":144,"column":4},"end":{"line":149,"column":5}},{"start":{},"end":{}}]},"35":{"loc":{"start":{"line":144,"column":8},"end":{"line":144,"column":42}},"type":"binary-expr","locations":[{"start":{"line":144,"column":8},"end":{"line":144,"column":22}},{"start":{"line":144,"column":26},"end":{"line":144,"column":42}}]},"36":{"loc":{"start":{"line":157,"column":2},"end":{"line":157,"column":27}},"type":"if","locations":[{"start":{"line":157,"column":2},"end":{"line":157,"column":27}},{"start":{},"end":{}}]},"37":{"loc":{"start":{"line":180,"column":2},"end":{"line":180,"column":27}},"type":"if","locations":[{"start":{"line":180,"column":2},"end":{"line":180,"column":27}},{"start":{},"end":{}}]},"38":{"loc":{"start":{"line":191,"column":4},"end":{"line":204,"column":5}},"type":"if","locations":[{"start":{"line":191,"column":4},"end":{"line":204,"column":5}},{"start":{},"end":{}}]},"39":{"loc":{"start":{"line":191,"column":8},"end":{"line":191,"column":82}},"type":"binary-expr","locations":[{"start":{"line":191,"column":8},"end":{"line":191,"column":50}},{"start":{"line":191,"column":54},"end":{"line":191,"column":82}}]},"40":{"loc":{"start":{"line":198,"column":6},"end":{"line":203,"column":7}},"type":"if","locations":[{"start":{"line":198,"column":6},"end":{"line":203,"column":7}},{"start":{},"end":{}}]}},"s":{"0":5,"1":5,"2":5,"3":2,"4":2,"5":2,"6":5,"7":3,"8":3,"9":3,"10":5,"11":5,"12":0,"13":5,"14":5,"15":2,"16":5,"17":5,"18":3,"19":3,"20":0,"21":3,"22":3,"23":3,"24":2,"25":2,"26":1,"27":1,"28":1,"29":3,"30":3,"31":3,"32":2,"33":3,"34":5,"35":5,"36":1,"37":1,"38":0,"39":1,"40":5,"41":5,"42":0,"43":5,"44":5,"45":2,"46":2,"47":0,"48":2,"49":2,"50":2,"51":1,"52":1,"53":1,"54":2,"55":5},"f":{"0":2,"1":3,"2":0,"3":2,"4":3,"5":3,"6":1,"7":0,"8":2,"9":2},"b":{"0":[2,1],"1":[2,0],"2":[3,0],"3":[3,0],"4":[3,0],"5":[3,0],"6":[3,0],"7":[3,0],"8":[2,2],"9":[2,2],"10":[2,2],"11":[2,2],"12":[0,2],"13":[0,3],"14":[1,2],"15":[3,1],"16":[1,1],"17":[2,1],"18":[2,1],"19":[3,2],"20":[2,1],"21":[1,1],"22":[1,0],"23":[1,0],"24":[0,1],"25":[3,0],"26":[3,0],"27":[3,2],"28":[3,1],"29":[3,0],"30":[0,0],"31":[3,0],"32":[0,0],"33":[3,2],"34":[2,1],"35":[3,2],"36":[0,1],"37":[0,2],"38":[1,1],"39":[2,1],"40":[1,0]}}
,"C:\\Dev\\ITAM\\itam_api\\src\\services\\user.service.ts": {"path":"C:\\Dev\\ITAM\\itam_api\\src\\services\\user.service.ts","statementMap":{"0":{"start":{"line":1,"column":0},"end":{"line":1,"column":30}},"1":{"start":{"line":2,"column":0},"end":{"line":2,"column":38}},"2":{"start":{"line":5,"column":19},"end":{"line":14,"column":2}},"3":{"start":{"line":16,"column":30},"end":{"line":21,"column":1}},"4":{"start":{"line":17,"column":2},"end":{"line":20,"column":5}},"5":{"start":{"line":16,"column":13},"end":{"line":16,"column":30}},"6":{"start":{"line":23,"column":27},"end":{"line":28,"column":1}},"7":{"start":{"line":24,"column":2},"end":{"line":27,"column":5}},"8":{"start":{"line":23,"column":13},"end":{"line":23,"column":27}},"9":{"start":{"line":30,"column":26},"end":{"line":48,"column":1}},"10":{"start":{"line":37,"column":25},"end":{"line":37,"column":61}},"11":{"start":{"line":38,"column":2},"end":{"line":47,"column":5}},"12":{"start":{"line":30,"column":13},"end":{"line":30,"column":26}},"13":{"start":{"line":50,"column":26},"end":{"line":71,"column":1}},"14":{"start":{"line":60,"column":15},"end":{"line":64,"column":4}},"15":{"start":{"line":66,"column":2},"end":{"line":68,"column":3}},"16":{"start":{"line":67,"column":4},"end":{"line":67,"column":68}},"17":{"start":{"line":70,"column":2},"end":{"line":70,"column":14}},"18":{"start":{"line":50,"column":13},"end":{"line":50,"column":26}},"19":{"start":{"line":73,"column":26},"end":{"line":77,"column":1}},"20":{"start":{"line":74,"column":2},"end":{"line":76,"column":5}},"21":{"start":{"line":73,"column":13},"end":{"line":73,"column":26}}},"fnMap":{"0":{"name":"(anonymous_1)","decl":{"start":{"line":16,"column":30},"end":{"line":16,"column":35}},"loc":{"start":{"line":16,"column":51},"end":{"line":21,"column":1}}},"1":{"name":"(anonymous_2)","decl":{"start":{"line":23,"column":27},"end":{"line":23,"column":32}},"loc":{"start":{"line":23,"column":38},"end":{"line":28,"column":1}}},"2":{"name":"(anonymous_3)","decl":{"start":{"line":30,"column":26},"end":{"line":30,"column":31}},"loc":{"start":{"line":36,"column":5},"end":{"line":48,"column":1}}},"3":{"name":"(anonymous_4)","decl":{"start":{"line":50,"column":26},"end":{"line":50,"column":31}},"loc":{"start":{"line":59,"column":4},"end":{"line":71,"column":1}}},"4":{"name":"(anonymous_5)","decl":{"start":{"line":73,"column":26},"end":{"line":73,"column":31}},"loc":{"start":{"line":73,"column":47},"end":{"line":77,"column":1}}}},"branchMap":{"0":{"loc":{"start":{"line":66,"column":2},"end":{"line":68,"column":3}},"type":"if","locations":[{"start":{"line":66,"column":2},"end":{"line":68,"column":3}},{"start":{},"end":{}}]}},"s":{"0":5,"1":5,"2":5,"3":5,"4":3,"5":5,"6":5,"7":2,"8":5,"9":5,"10":4,"11":4,"12":5,"13":5,"14":4,"15":4,"16":2,"17":4,"18":5,"19":5,"20":1,"21":5},"f":{"0":3,"1":2,"2":4,"3":4,"4":1},"b":{"0":[2,2]}}
}
