TN:
SF:src\app.ts
FN:23,(anonymous_1)
FNF:1
FNH:0
FNDA:0,(anonymous_1)
DA:1,5
DA:2,5
DA:3,5
DA:4,5
DA:5,5
DA:6,5
DA:7,5
DA:8,5
DA:9,5
DA:10,5
DA:11,5
DA:12,5
DA:14,5
DA:16,5
DA:17,5
DA:18,5
DA:19,5
DA:23,5
DA:24,0
DA:28,5
DA:29,5
DA:30,5
DA:31,5
DA:32,5
DA:33,5
DA:34,5
DA:35,5
DA:37,5
LF:28
LH:27
BRF:0
BRH:0
end_of_record
TN:
SF:src\config\prisma.ts
FNF:0
FNH:0
DA:1,5
DA:2,5
DA:4,5
DA:5,5
DA:7,5
LF:5
LH:5
BRF:0
BRH:0
end_of_record
TN:
SF:src\controllers\asset.controller.ts
FN:6,(anonymous_9)
FN:32,(anonymous_10)
FN:53,(anonymous_11)
FN:80,(anonymous_12)
FN:96,(anonymous_13)
FN:116,(anonymous_14)
FN:126,(anonymous_15)
FN:148,(anonymous_16)
FN:169,(anonymous_17)
FNF:9
FNH:3
FNDA:0,(anonymous_9)
FNDA:0,(anonymous_10)
FNDA:4,(anonymous_11)
FNDA:0,(anonymous_12)
FNDA:0,(anonymous_13)
FNDA:3,(anonymous_14)
FNDA:0,(anonymous_15)
FNDA:2,(anonymous_16)
FNDA:0,(anonymous_17)
DA:3,5
DA:6,5
DA:7,0
DA:8,0
DA:9,0
DA:10,0
DA:13,0
DA:14,0
DA:15,0
DA:16,0
DA:19,0
DA:20,0
DA:21,0
DA:22,0
DA:25,0
DA:27,0
DA:28,0
DA:32,5
DA:33,0
DA:34,0
DA:35,0
DA:36,0
DA:37,0
DA:40,0
DA:41,0
DA:42,0
DA:43,0
DA:46,0
DA:47,0
DA:49,0
DA:53,5
DA:54,4
DA:55,4
DA:56,4
DA:60,4
DA:66,4
DA:74,4
DA:76,0
DA:80,5
DA:81,0
DA:82,0
DA:83,0
DA:84,0
DA:85,0
DA:88,0
DA:89,0
DA:91,0
DA:92,0
DA:96,5
DA:97,0
DA:98,0
DA:99,0
DA:100,0
DA:101,0
DA:104,0
DA:105,0
DA:106,0
DA:107,0
DA:110,0
DA:112,0
DA:116,5
DA:117,3
DA:118,3
DA:119,3
DA:120,3
DA:122,0
DA:126,5
DA:127,0
DA:128,0
DA:129,0
DA:130,0
DA:131,0
DA:134,0
DA:135,0
DA:136,0
DA:137,0
DA:138,0
DA:141,0
DA:143,0
DA:144,0
DA:148,5
DA:149,2
DA:150,2
DA:151,2
DA:152,0
DA:153,0
DA:156,2
DA:157,2
DA:158,2
DA:159,1
DA:160,1
DA:163,1
DA:165,0
DA:169,5
DA:170,0
DA:171,0
DA:172,0
DA:173,0
DA:174,0
DA:176,0
DA:177,0
DA:178,0
DA:179,0
DA:180,0
DA:182,0
DA:184,0
LF:106
LH:29
BRDA:8,0,0,0
BRDA:8,0,1,0
BRDA:14,1,0,0
BRDA:14,1,1,0
BRDA:20,2,0,0
BRDA:20,2,1,0
BRDA:35,3,0,0
BRDA:35,3,1,0
BRDA:41,4,0,0
BRDA:41,4,1,0
BRDA:60,5,0,3
BRDA:60,5,1,1
BRDA:61,6,0,3
BRDA:61,6,1,1
BRDA:62,7,0,0
BRDA:62,7,1,1
BRDA:68,8,0,0
BRDA:68,8,1,4
BRDA:69,9,0,0
BRDA:69,9,1,4
BRDA:83,10,0,0
BRDA:83,10,1,0
BRDA:99,11,0,0
BRDA:99,11,1,0
BRDA:105,12,0,0
BRDA:105,12,1,0
BRDA:129,13,0,0
BRDA:129,13,1,0
BRDA:136,14,0,0
BRDA:136,14,1,0
BRDA:151,15,0,0
BRDA:151,15,1,2
BRDA:158,16,0,1
BRDA:158,16,1,1
BRDA:172,17,0,0
BRDA:172,17,1,0
BRDA:177,18,0,0
BRDA:177,18,1,0
BRDA:178,19,0,0
BRDA:178,19,1,0
BRF:40
BRH:10
end_of_record
TN:
SF:src\controllers\asset_type.controller.ts
FN:5,(anonymous_9)
FN:14,(anonymous_10)
FN:32,(anonymous_11)
FN:46,(anonymous_12)
FNF:4
FNH:0
FNDA:0,(anonymous_9)
FNDA:0,(anonymous_10)
FNDA:0,(anonymous_11)
FNDA:0,(anonymous_12)
DA:3,5
DA:5,5
DA:6,0
DA:7,0
DA:8,0
DA:10,0
DA:14,5
DA:15,0
DA:16,0
DA:17,0
DA:18,0
DA:19,0
DA:21,0
DA:26,0
DA:28,0
DA:32,5
DA:33,0
DA:34,0
DA:35,0
DA:40,0
DA:42,0
DA:46,5
DA:47,0
DA:48,0
DA:49,0
DA:50,0
DA:52,0
LF:27
LH:5
BRDA:17,0,0,0
BRDA:17,0,1,0
BRF:2
BRH:0
end_of_record
TN:
SF:src\controllers\auth.controller.ts
FN:4,(anonymous_9)
FN:14,(anonymous_10)
FN:24,(anonymous_11)
FN:35,(anonymous_12)
FNF:4
FNH:4
FNDA:3,(anonymous_9)
FNDA:80,(anonymous_10)
FNDA:4,(anonymous_11)
FNDA:2,(anonymous_12)
DA:2,5
DA:4,5
DA:5,3
DA:6,3
DA:7,2
DA:9,1
DA:10,1
DA:14,5
DA:15,80
DA:16,80
DA:17,76
DA:19,4
DA:20,4
DA:24,5
DA:25,4
DA:26,4
DA:27,4
DA:28,1
DA:30,3
DA:31,3
DA:35,5
DA:36,2
DA:37,2
DA:38,2
DA:39,2
DA:41,0
DA:42,0
LF:27
LH:25
BRDA:9,0,0,1
BRDA:9,0,1,0
BRDA:19,1,0,4
BRDA:19,1,1,0
BRDA:30,2,0,3
BRDA:30,2,1,0
BRDA:41,3,0,0
BRDA:41,3,1,0
BRF:8
BRH:3
end_of_record
TN:
SF:src\controllers\location.controller.ts
FN:5,(anonymous_9)
FN:14,(anonymous_10)
FN:32,(anonymous_11)
FN:47,(anonymous_12)
FNF:4
FNH:0
FNDA:0,(anonymous_9)
FNDA:0,(anonymous_10)
FNDA:0,(anonymous_11)
FNDA:0,(anonymous_12)
DA:3,5
DA:5,5
DA:6,0
DA:7,0
DA:8,0
DA:10,0
DA:14,5
DA:15,0
DA:16,0
DA:17,0
DA:18,0
DA:19,0
DA:21,0
DA:26,0
DA:28,0
DA:32,5
DA:33,0
DA:34,0
DA:35,0
DA:36,0
DA:41,0
DA:43,0
DA:47,5
DA:48,0
DA:49,0
DA:50,0
DA:51,0
DA:53,0
LF:28
LH:5
BRDA:17,0,0,0
BRDA:17,0,1,0
BRDA:17,1,0,0
BRDA:17,1,1,0
BRDA:17,1,2,0
BRDA:39,2,0,0
BRDA:39,2,1,0
BRF:7
BRH:0
end_of_record
TN:
SF:src\controllers\stats.controller.ts
FN:5,(anonymous_1)
FN:40,(anonymous_2)
FN:53,(anonymous_3)
FN:59,(anonymous_4)
FN:63,(anonymous_5)
FN:65,(anonymous_6)
FN:75,(anonymous_7)
FN:144,(anonymous_8)
FN:156,(anonymous_9)
FN:168,(anonymous_10)
FNF:10
FNH:10
FNDA:5,(anonymous_1)
FNDA:3,(anonymous_2)
FNDA:3,(anonymous_3)
FNDA:3,(anonymous_4)
FNDA:3,(anonymous_5)
FNDA:4,(anonymous_6)
FNDA:7,(anonymous_7)
FNDA:7,(anonymous_8)
FNDA:5,(anonymous_9)
FNDA:4,(anonymous_10)
DA:2,5
DA:3,5
DA:5,5
DA:6,5
DA:7,5
DA:28,5
DA:35,0
DA:36,0
DA:40,5
DA:41,3
DA:42,3
DA:53,3
DA:54,3
DA:58,3
DA:59,3
DA:63,3
DA:65,4
DA:70,0
DA:71,0
DA:75,5
DA:76,7
DA:77,7
DA:78,7
DA:79,7
DA:87,7
DA:140,7
DA:144,7
DA:151,0
DA:152,0
DA:156,5
DA:157,5
DA:158,5
DA:159,5
DA:160,5
DA:162,5
DA:167,5
DA:169,4
DA:185,4
DA:195,5
DA:197,0
DA:198,0
LF:41
LH:33
BRDA:65,0,0,3
BRDA:65,0,1,0
BRF:2
BRH:1
end_of_record
TN:
SF:src\controllers\supplier.controller.ts
FN:5,(anonymous_9)
FN:14,(anonymous_10)
FN:33,(anonymous_11)
FN:48,(anonymous_12)
FNF:4
FNH:0
FNDA:0,(anonymous_9)
FNDA:0,(anonymous_10)
FNDA:0,(anonymous_11)
FNDA:0,(anonymous_12)
DA:3,5
DA:5,5
DA:6,0
DA:7,0
DA:8,0
DA:10,0
DA:14,5
DA:15,0
DA:16,0
DA:17,0
DA:18,0
DA:19,0
DA:21,0
DA:27,0
DA:29,0
DA:33,5
DA:34,0
DA:35,0
DA:36,0
DA:42,0
DA:44,0
DA:48,5
DA:49,0
DA:50,0
DA:51,0
DA:52,0
DA:54,0
LF:27
LH:5
BRDA:17,0,0,0
BRDA:17,0,1,0
BRF:2
BRH:0
end_of_record
TN:
SF:src\controllers\ticket.controller.ts
FN:6,(anonymous_9)
FN:33,(anonymous_10)
FN:53,(anonymous_11)
FN:63,(anonymous_12)
FN:84,(anonymous_13)
FN:104,(anonymous_14)
FN:119,(anonymous_15)
FNF:7
FNH:5
FNDA:3,(anonymous_9)
FNDA:0,(anonymous_10)
FNDA:2,(anonymous_11)
FNDA:3,(anonymous_12)
FNDA:1,(anonymous_13)
FNDA:0,(anonymous_14)
FNDA:2,(anonymous_15)
DA:3,5
DA:6,5
DA:7,3
DA:8,3
DA:10,3
DA:26,3
DA:28,0
DA:29,0
DA:33,5
DA:34,0
DA:35,0
DA:36,0
DA:37,0
DA:38,0
DA:41,0
DA:42,0
DA:43,0
DA:44,0
DA:47,0
DA:49,0
DA:53,5
DA:54,2
DA:55,2
DA:56,2
DA:57,2
DA:59,0
DA:63,5
DA:64,3
DA:65,3
DA:66,3
DA:67,0
DA:68,0
DA:71,3
DA:72,3
DA:73,0
DA:74,0
DA:77,3
DA:79,0
DA:80,0
DA:84,5
DA:85,1
DA:86,1
DA:87,1
DA:88,0
DA:89,0
DA:92,1
DA:93,1
DA:94,0
DA:95,0
DA:98,1
DA:100,0
DA:104,5
DA:105,0
DA:106,0
DA:107,0
DA:108,0
DA:109,0
DA:112,0
DA:113,0
DA:115,0
DA:119,5
DA:120,2
DA:121,2
DA:122,2
DA:123,0
DA:124,0
DA:127,2
DA:128,2
DA:129,2
DA:130,0
DA:131,0
DA:134,2
DA:136,0
LF:73
LH:35
BRDA:15,0,0,0
BRDA:15,0,1,3
BRDA:16,1,0,0
BRDA:16,1,1,3
BRDA:17,2,0,0
BRDA:17,2,1,3
BRDA:22,3,0,3
BRDA:22,3,1,1
BRDA:36,4,0,0
BRDA:36,4,1,0
BRDA:42,5,0,0
BRDA:42,5,1,0
BRDA:66,6,0,0
BRDA:66,6,1,3
BRDA:72,7,0,0
BRDA:72,7,1,3
BRDA:87,8,0,0
BRDA:87,8,1,1
BRDA:93,9,0,0
BRDA:93,9,1,1
BRDA:107,10,0,0
BRDA:107,10,1,0
BRDA:122,11,0,0
BRDA:122,11,1,2
BRDA:129,12,0,0
BRDA:129,12,1,2
BRF:26
BRH:11
end_of_record
TN:
SF:src\controllers\user.controller.ts
FN:6,(anonymous_9)
FN:21,(anonymous_10)
FN:31,(anonymous_11)
FN:57,(anonymous_12)
FN:85,(anonymous_13)
FNF:5
FNH:5
FNDA:4,(anonymous_9)
FNDA:2,(anonymous_10)
FNDA:6,(anonymous_11)
FNDA:5,(anonymous_12)
FNDA:1,(anonymous_13)
DA:3,5
DA:4,5
DA:6,5
DA:7,4
DA:8,4
DA:9,4
DA:10,1
DA:11,1
DA:13,3
DA:14,3
DA:16,0
DA:17,0
DA:21,5
DA:22,2
DA:23,2
DA:24,2
DA:26,0
DA:27,0
DA:31,5
DA:32,6
DA:33,6
DA:34,6
DA:35,6
DA:36,6
DA:37,6
DA:39,6
DA:40,1
DA:41,1
DA:44,5
DA:45,1
DA:46,1
DA:49,4
DA:50,3
DA:52,1
DA:53,1
DA:57,5
DA:58,5
DA:59,5
DA:60,5
DA:61,5
DA:62,5
DA:63,5
DA:64,5
DA:66,5
DA:67,1
DA:68,1
DA:71,4
DA:78,4
DA:80,0
DA:81,0
DA:85,5
DA:86,1
DA:87,1
DA:88,1
DA:89,1
DA:91,0
DA:92,0
LF:57
LH:49
BRDA:9,0,0,1
BRDA:9,0,1,3
BRDA:16,1,0,0
BRDA:16,1,1,0
BRDA:26,2,0,0
BRDA:26,2,1,0
BRDA:39,3,0,1
BRDA:39,3,1,5
BRDA:39,4,0,6
BRDA:39,4,1,6
BRDA:39,4,2,6
BRDA:39,4,3,5
BRDA:39,4,4,5
BRDA:44,5,0,1
BRDA:44,5,1,4
BRDA:52,6,0,1
BRDA:52,6,1,0
BRDA:66,7,0,1
BRDA:66,7,1,4
BRDA:66,8,0,5
BRDA:66,8,1,2
BRDA:80,9,0,0
BRDA:80,9,1,0
BRDA:91,10,0,0
BRDA:91,10,1,0
BRF:25
BRH:16
end_of_record
TN:
SF:src\middleware\auth.middleware.ts
FN:9,(anonymous_1)
FN:26,(anonymous_2)
FN:27,(anonymous_3)
FNF:3
FNH:3
FNDA:77,(anonymous_1)
FNDA:125,(anonymous_2)
FNDA:63,(anonymous_3)
DA:2,5
DA:9,5
DA:10,77
DA:11,77
DA:12,4
DA:13,4
DA:16,73
DA:17,73
DA:18,73
DA:19,72
DA:20,72
DA:22,1
DA:26,5
DA:27,125
DA:28,63
DA:29,14
DA:30,14
DA:32,49
LF:18
LH:18
BRDA:11,0,0,4
BRDA:11,0,1,73
BRDA:28,1,0,14
BRDA:28,1,1,49
BRDA:28,2,0,63
BRDA:28,2,1,63
BRF:6
BRH:6
end_of_record
TN:
SF:src\routes\asset.routes.ts
FNF:0
FNH:0
DA:1,5
DA:2,5
DA:3,5
DA:4,5
DA:5,5
DA:7,5
DA:8,5
DA:9,5
DA:10,5
DA:13,5
DA:14,5
DA:17,5
DA:18,5
DA:19,5
DA:22,5
DA:23,5
DA:24,5
DA:27,5
DA:29,5
LF:19
LH:19
BRF:0
BRH:0
end_of_record
TN:
SF:src\routes\asset_type.routes.ts
FNF:0
FNH:0
DA:1,5
DA:2,5
DA:3,5
DA:5,5
DA:7,5
DA:8,5
DA:9,5
DA:10,5
DA:12,5
LF:9
LH:9
BRF:0
BRH:0
end_of_record
TN:
SF:src\routes\auth.routes.ts
FNF:0
FNH:0
DA:1,5
DA:2,5
DA:4,5
DA:6,5
DA:7,5
DA:8,5
DA:9,5
DA:11,5
LF:8
LH:8
BRF:0
BRH:0
end_of_record
TN:
SF:src\routes\location.routes.ts
FNF:0
FNH:0
DA:1,5
DA:2,5
DA:8,5
DA:10,5
DA:12,5
DA:13,5
DA:14,5
DA:15,5
DA:17,5
LF:9
LH:9
BRF:0
BRH:0
end_of_record
TN:
SF:src\routes\stats.routes.ts
FNF:0
FNH:0
DA:1,5
DA:2,5
DA:3,5
DA:5,5
DA:7,5
DA:8,5
DA:9,5
DA:10,5
DA:12,5
LF:9
LH:9
BRF:0
BRH:0
end_of_record
TN:
SF:src\routes\supplier.routes.ts
FNF:0
FNH:0
DA:1,5
DA:2,5
DA:3,5
DA:5,5
DA:7,5
DA:8,5
DA:9,5
DA:10,5
DA:12,5
LF:9
LH:9
BRF:0
BRH:0
end_of_record
TN:
SF:src\routes\ticket.routes.ts
FNF:0
FNH:0
DA:1,5
DA:2,5
DA:3,5
DA:5,5
DA:7,5
DA:8,5
DA:11,5
DA:12,5
DA:15,5
DA:18,5
DA:21,5
DA:24,5
DA:25,5
DA:27,5
LF:14
LH:14
BRF:0
BRH:0
end_of_record
TN:
SF:src\routes\user.routes.ts
FNF:0
FNH:0
DA:1,5
DA:2,5
DA:3,5
DA:5,5
DA:7,5
DA:8,5
DA:9,5
DA:10,5
DA:11,5
DA:13,5
LF:10
LH:10
BRF:0
BRH:0
end_of_record
TN:
SF:src\services\asset.service.ts
FN:8,(anonymous_1)
FN:29,(anonymous_2)
FN:43,(anonymous_3)
FN:66,(anonymous_4)
FN:74,(anonymous_5)
FN:100,(anonymous_6)
FN:129,(anonymous_7)
FN:172,(anonymous_8)
FN:188,(anonymous_9)
FNF:9
FNH:3
FNDA:0,(anonymous_1)
FNDA:0,(anonymous_2)
FNDA:4,(anonymous_3)
FNDA:0,(anonymous_4)
FNDA:0,(anonymous_5)
FNDA:3,(anonymous_6)
FNDA:0,(anonymous_7)
FNDA:2,(anonymous_8)
FNDA:0,(anonymous_9)
DA:1,5
DA:2,5
DA:4,5
DA:5,5
DA:6,5
DA:8,5
DA:9,0
DA:10,0
DA:12,0
DA:13,0
DA:15,0
DA:16,0
DA:17,0
DA:19,0
DA:20,0
DA:23,5
DA:29,5
DA:30,0
DA:31,0
DA:33,0
DA:34,0
DA:40,0
DA:43,5
DA:44,4
DA:46,4
DA:66,5
DA:67,0
DA:74,5
DA:75,0
DA:100,5
DA:101,3
DA:117,3
DA:126,3
DA:129,5
DA:130,0
DA:131,0
DA:133,0
DA:154,0
DA:155,0
DA:156,0
DA:157,0
DA:158,0
DA:160,0
DA:169,0
DA:172,5
DA:173,2
DA:174,2
DA:176,1
DA:185,1
DA:188,5
DA:189,0
LF:51
LH:24
BRDA:13,0,0,0
BRDA:13,0,1,0
BRDA:17,1,0,0
BRDA:17,1,1,0
BRDA:17,2,0,0
BRDA:17,2,1,0
BRDA:20,3,0,0
BRDA:20,3,1,0
BRDA:31,4,0,0
BRDA:31,4,1,0
BRDA:48,5,0,4
BRDA:48,5,1,0
BRDA:49,6,0,4
BRDA:49,6,1,0
BRDA:50,7,0,4
BRDA:50,7,1,0
BRDA:51,8,0,4
BRDA:51,8,1,3
BRDA:52,9,0,4
BRDA:52,9,1,0
BRDA:107,10,0,3
BRDA:107,10,1,3
BRDA:108,11,0,0
BRDA:108,11,1,3
BRDA:109,12,0,0
BRDA:109,12,1,3
BRDA:131,13,0,0
BRDA:131,13,1,0
BRDA:136,14,0,0
BRDA:136,14,1,0
BRDA:137,15,0,0
BRDA:137,15,1,0
BRDA:138,16,0,0
BRDA:138,16,1,0
BRDA:139,17,0,0
BRDA:139,17,1,0
BRDA:140,18,0,0
BRDA:140,18,1,0
BRDA:141,19,0,0
BRDA:141,19,1,0
BRDA:142,20,0,0
BRDA:142,20,1,0
BRDA:144,21,0,0
BRDA:144,21,1,0
BRDA:145,22,0,0
BRDA:145,22,1,0
BRDA:147,23,0,0
BRDA:147,23,1,0
BRDA:148,24,0,0
BRDA:148,24,1,0
BRDA:148,25,0,0
BRDA:148,25,1,0
BRDA:149,26,0,0
BRDA:149,26,1,0
BRDA:149,27,0,0
BRDA:149,27,1,0
BRDA:155,28,0,0
BRDA:155,28,1,0
BRDA:155,29,0,0
BRDA:155,29,1,0
BRDA:157,30,0,0
BRDA:157,30,1,0
BRDA:157,31,0,0
BRDA:157,31,1,0
BRDA:158,32,0,0
BRDA:158,32,1,0
BRDA:158,33,0,0
BRDA:158,33,1,0
BRDA:165,34,0,0
BRDA:165,34,1,0
BRDA:174,35,0,1
BRDA:174,35,1,1
BRF:72
BRH:12
end_of_record
TN:
SF:src\services\asset_type.service.ts
FN:4,(anonymous_1)
FN:10,(anonymous_2)
FN:14,(anonymous_3)
FN:21,(anonymous_4)
FNF:4
FNH:0
FNDA:0,(anonymous_1)
FNDA:0,(anonymous_2)
FNDA:0,(anonymous_3)
FNDA:0,(anonymous_4)
DA:1,5
DA:4,5
DA:5,0
DA:10,5
DA:11,0
DA:14,5
DA:15,0
DA:21,5
DA:22,0
LF:9
LH:5
BRF:0
BRH:0
end_of_record
TN:
SF:src\services\auth.service.ts
FN:11,(anonymous_1)
FN:30,(anonymous_2)
FN:56,(anonymous_3)
FN:74,(anonymous_4)
FNF:4
FNH:4
FNDA:3,(anonymous_1)
FNDA:80,(anonymous_2)
FNDA:4,(anonymous_3)
FNDA:2,(anonymous_4)
DA:1,5
DA:2,5
DA:3,5
DA:6,5
DA:7,5
DA:8,5
DA:9,5
DA:11,5
DA:12,3
DA:13,3
DA:15,2
DA:16,2
DA:26,2
DA:27,2
DA:30,5
DA:31,80
DA:32,80
DA:34,79
DA:35,79
DA:36,78
DA:39,76
DA:41,76
DA:42,76
DA:44,76
DA:45,76
DA:47,76
DA:52,76
DA:53,76
DA:56,5
DA:57,4
DA:58,4
DA:60,1
DA:62,1
DA:63,1
DA:65,1
DA:71,1
DA:74,5
DA:75,2
LF:38
LH:38
BRDA:8,0,0,5
BRDA:8,0,1,5
BRDA:9,1,0,5
BRDA:9,1,1,5
BRDA:13,2,0,1
BRDA:13,2,1,2
BRDA:32,3,0,1
BRDA:32,3,1,79
BRDA:35,4,0,1
BRDA:35,4,1,78
BRDA:36,5,0,2
BRDA:36,5,1,76
BRDA:58,6,0,3
BRDA:58,6,1,1
BRDA:58,7,0,4
BRDA:58,7,1,1
BRDA:63,8,0,0
BRDA:63,8,1,1
BRDA:63,9,0,1
BRDA:63,9,1,1
BRF:20
BRH:19
end_of_record
TN:
SF:src\services\location.service.ts
FN:4,(anonymous_1)
FN:10,(anonymous_2)
FN:14,(anonymous_3)
FN:21,(anonymous_4)
FNF:4
FNH:0
FNDA:0,(anonymous_1)
FNDA:0,(anonymous_2)
FNDA:0,(anonymous_3)
FNDA:0,(anonymous_4)
DA:1,5
DA:4,5
DA:5,0
DA:10,5
DA:11,0
DA:14,5
DA:15,0
DA:21,5
DA:22,0
LF:9
LH:5
BRF:0
BRH:0
end_of_record
TN:
SF:src\services\supplier.service.ts
FN:4,(anonymous_1)
FN:10,(anonymous_2)
FN:14,(anonymous_3)
FN:21,(anonymous_4)
FNF:4
FNH:0
FNDA:0,(anonymous_1)
FNDA:0,(anonymous_2)
FNDA:0,(anonymous_3)
FNDA:0,(anonymous_4)
DA:1,5
DA:4,5
DA:5,0
DA:10,5
DA:11,0
DA:14,5
DA:15,0
DA:21,5
DA:22,0
LF:9
LH:5
BRF:0
BRH:0
end_of_record
TN:
SF:src\services\ticket.service.ts
FN:35,generateReference
FN:41,(anonymous_2)
FN:69,(anonymous_3)
FN:76,(anonymous_4)
FN:93,(anonymous_5)
FN:127,(anonymous_6)
FN:155,(anonymous_7)
FN:161,(anonymous_8)
FN:171,(anonymous_9)
FN:182,(anonymous_10)
FNF:10
FNH:8
FNDA:2,generateReference
FNDA:3,(anonymous_2)
FNDA:0,(anonymous_3)
FNDA:2,(anonymous_4)
FNDA:3,(anonymous_5)
FNDA:3,(anonymous_6)
FNDA:1,(anonymous_7)
FNDA:0,(anonymous_8)
FNDA:2,(anonymous_9)
FNDA:2,(anonymous_10)
DA:1,5
DA:2,5
DA:5,5
DA:36,2
DA:37,2
DA:38,2
DA:41,5
DA:42,3
DA:45,3
DA:53,3
DA:69,5
DA:70,0
DA:76,5
DA:77,2
DA:93,5
DA:94,3
DA:98,3
DA:101,3
DA:108,3
DA:110,3
DA:112,2
DA:115,2
DA:116,1
DA:117,1
DA:121,1
DA:127,3
DA:128,3
DA:144,3
DA:145,2
DA:151,3
DA:155,5
DA:156,1
DA:157,1
DA:158,1
DA:161,5
DA:162,0
DA:171,5
DA:176,2
DA:180,2
DA:182,2
DA:183,2
DA:191,2
DA:192,1
DA:198,1
DA:199,1
DA:206,2
LF:46
LH:44
BRDA:45,0,0,2
BRDA:45,0,1,1
BRDA:48,1,0,2
BRDA:48,1,1,0
BRDA:56,2,0,3
BRDA:56,2,1,0
BRDA:57,3,0,3
BRDA:57,3,1,0
BRDA:58,4,0,3
BRDA:58,4,1,0
BRDA:59,5,0,3
BRDA:59,5,1,0
BRDA:60,6,0,3
BRDA:60,6,1,0
BRDA:61,7,0,3
BRDA:61,7,1,0
BRDA:82,8,0,2
BRDA:82,8,1,2
BRDA:83,9,0,2
BRDA:83,9,1,2
BRDA:85,10,0,2
BRDA:85,10,1,2
BRDA:86,11,0,2
BRDA:86,11,1,2
BRDA:87,12,0,0
BRDA:87,12,1,2
BRDA:98,13,0,0
BRDA:98,13,1,3
BRDA:101,14,0,1
BRDA:101,14,1,2
BRDA:101,15,0,3
BRDA:101,15,1,1
BRDA:103,16,0,1
BRDA:103,16,1,1
BRDA:103,17,0,2
BRDA:103,17,1,1
BRDA:110,18,0,2
BRDA:110,18,1,1
BRDA:110,19,0,3
BRDA:110,19,1,2
BRDA:112,20,0,2
BRDA:112,20,1,1
BRDA:115,21,0,1
BRDA:115,21,1,1
BRDA:117,22,0,1
BRDA:117,22,1,0
BRDA:118,23,0,1
BRDA:118,23,1,0
BRDA:121,24,0,0
BRDA:121,24,1,1
BRDA:131,25,0,3
BRDA:131,25,1,0
BRDA:132,26,0,3
BRDA:132,26,1,0
BRDA:133,27,0,3
BRDA:133,27,1,2
BRDA:134,28,0,3
BRDA:134,28,1,1
BRDA:135,29,0,3
BRDA:135,29,1,0
BRDA:135,30,0,0
BRDA:135,30,1,0
BRDA:136,31,0,3
BRDA:136,31,1,0
BRDA:137,32,0,0
BRDA:137,32,1,0
BRDA:139,33,0,3
BRDA:139,33,1,2
BRDA:144,34,0,2
BRDA:144,34,1,1
BRDA:144,35,0,3
BRDA:144,35,1,2
BRDA:157,36,0,0
BRDA:157,36,1,1
BRDA:180,37,0,0
BRDA:180,37,1,2
BRDA:191,38,0,1
BRDA:191,38,1,1
BRDA:191,39,0,2
BRDA:191,39,1,1
BRDA:198,40,0,1
BRDA:198,40,1,0
BRF:82
BRH:59
end_of_record
TN:
SF:src\services\user.service.ts
FN:16,(anonymous_1)
FN:23,(anonymous_2)
FN:30,(anonymous_3)
FN:50,(anonymous_4)
FN:73,(anonymous_5)
FNF:5
FNH:5
FNDA:3,(anonymous_1)
FNDA:2,(anonymous_2)
FNDA:4,(anonymous_3)
FNDA:4,(anonymous_4)
FNDA:1,(anonymous_5)
DA:1,5
DA:2,5
DA:5,5
DA:16,5
DA:17,3
DA:23,5
DA:24,2
DA:30,5
DA:37,4
DA:38,4
DA:50,5
DA:60,4
DA:66,4
DA:67,2
DA:70,4
DA:73,5
DA:74,1
LF:17
LH:17
BRDA:66,0,0,2
BRDA:66,0,1,2
BRF:2
BRH:2
end_of_record
